2025-06-05T11:55:03.940-03:00 DEBUG 8796 --- [libraryapi] [main] o.s.w.c.s.GenericWebApplicationContext   : Refreshing org.springframework.web.context.support.GenericWebApplicationContext@286b39c2
2025-06-05T11:55:08.124-03:00 DEBUG 8796 --- [libraryapi] [main] s.w.s.m.m.a.RequestMappingHandlerMapping : 7 mappings in 'requestMappingHandlerMapping'
2025-06-05T11:55:08.132-03:00 DEBUG 8796 --- [libraryapi] [main] o.s.w.s.handler.SimpleUrlHandlerMapping  : Patterns [/login] in 'viewControllerHandlerMapping'
2025-06-05T11:55:08.277-03:00 DEBUG 8796 --- [libraryapi] [main] s.w.s.m.m.a.RequestMappingHandlerAdapter : ControllerAdvice beans: 0 @ModelAttribute, 0 @InitBinder, 1 RequestBodyAdvice, 1 ResponseBodyAdvice
2025-06-05T11:55:08.337-03:00 DEBUG 8796 --- [libraryapi] [main] .m.m.a.ExceptionHandlerExceptionResolver : ControllerAdvice beans: 1 @ExceptionHandler, 1 ResponseBodyAdvice
2025-06-05T11:55:09.471-03:00 DEBUG 8796 --- [libraryapi] [main] s.w.s.m.m.a.RequestMappingHandlerMapping : Mapped to com.matheusluizago.libraryapi.controller.BookController#search(String, String, String, BookGenre, Integer, Integer, Integer)
2025-06-05T11:55:09.543-03:00 DEBUG 8796 --- [libraryapi] [main] o.s.w.s.m.m.a.HttpEntityMethodProcessor  : Using 'application/json', given [*/*] and supported [application/json, application/*+json]
2025-06-05T11:55:09.545-03:00 DEBUG 8796 --- [libraryapi] [main] o.s.w.s.m.m.a.HttpEntityMethodProcessor  : Writing [Page 1 of 1 containing com.matheusluizago.libraryapi.controller.dto.ResultSearchBookDTO instances]
2025-06-05T11:55:09.576-03:00 DEBUG 8796 --- [libraryapi] [main] .m.m.a.ExceptionHandlerExceptionResolver : Using @ExceptionHandler com.matheusluizago.libraryapi.controller.common.GlobalExceptionHandler#handleUnhandledError(RuntimeException)
2025-06-05T11:55:09.577-03:00 DEBUG 8796 --- [libraryapi] [main] m.m.a.RequestResponseBodyMethodProcessor : Found 'Content-Type:application/json' in response
2025-06-05T11:55:09.581-03:00 DEBUG 8796 --- [libraryapi] [main] m.m.a.RequestResponseBodyMethodProcessor : Writing [ErrorResponse[status=500, message=Unexpected Error, contact administration., errors=[]]]
2025-06-05T11:55:09.583-03:00 DEBUG 8796 --- [libraryapi] [main] .m.m.a.ExceptionHandlerExceptionResolver : Resolved [org.springframework.http.converter.HttpMessageNotWritableException: Could not write JSON: (was java.lang.UnsupportedOperationException)]
2025-06-05T11:55:09.617-03:00 DEBUG 8796 --- [libraryapi] [SpringApplicationShutdownHook] o.s.w.c.s.GenericWebApplicationContext   : Closing org.springframework.web.context.support.GenericWebApplicationContext@286b39c2, started on Thu Jun 05 11:55:03 BRT 2025
2025-06-05T11:57:23.844-03:00 DEBUG 8128 --- [libraryapi] [main] o.s.w.c.s.GenericWebApplicationContext   : Refreshing org.springframework.web.context.support.GenericWebApplicationContext@4cd1c1dc
2025-06-05T11:57:27.054-03:00 DEBUG 8128 --- [libraryapi] [main] s.w.s.m.m.a.RequestMappingHandlerMapping : 7 mappings in 'requestMappingHandlerMapping'
2025-06-05T11:57:27.063-03:00 DEBUG 8128 --- [libraryapi] [main] o.s.w.s.handler.SimpleUrlHandlerMapping  : Patterns [/login] in 'viewControllerHandlerMapping'
2025-06-05T11:57:27.182-03:00 DEBUG 8128 --- [libraryapi] [main] s.w.s.m.m.a.RequestMappingHandlerAdapter : ControllerAdvice beans: 0 @ModelAttribute, 0 @InitBinder, 1 RequestBodyAdvice, 1 ResponseBodyAdvice
2025-06-05T11:57:27.213-03:00 DEBUG 8128 --- [libraryapi] [main] .m.m.a.ExceptionHandlerExceptionResolver : ControllerAdvice beans: 1 @ExceptionHandler, 1 ResponseBodyAdvice
2025-06-05T11:57:28.171-03:00 DEBUG 8128 --- [libraryapi] [main] s.w.s.m.m.a.RequestMappingHandlerMapping : Mapped to com.matheusluizago.libraryapi.controller.AuthorController#delete(String)
2025-06-05T11:57:28.208-03:00 DEBUG 8128 --- [libraryapi] [main] o.s.w.s.m.m.a.HttpEntityMethodProcessor  : Using 'application/json', given [*/*] and supported [application/json, application/*+json]
2025-06-05T11:57:28.209-03:00 DEBUG 8128 --- [libraryapi] [main] o.s.w.s.m.m.a.HttpEntityMethodProcessor  : Nothing to write: null body
2025-06-05T11:57:28.230-03:00 DEBUG 8128 --- [libraryapi] [main] s.w.s.m.m.a.RequestMappingHandlerMapping : Mapped to com.matheusluizago.libraryapi.controller.AuthorController#delete(String)
2025-06-05T11:57:28.231-03:00 DEBUG 8128 --- [libraryapi] [main] o.s.w.s.m.m.a.HttpEntityMethodProcessor  : Using 'application/json', given [*/*] and supported [application/json, application/*+json]
2025-06-05T11:57:28.231-03:00 DEBUG 8128 --- [libraryapi] [main] o.s.w.s.m.m.a.HttpEntityMethodProcessor  : Nothing to write: null body
2025-06-05T11:57:28.239-03:00 DEBUG 8128 --- [libraryapi] [main] s.w.s.m.m.a.RequestMappingHandlerMapping : Mapped to com.matheusluizago.libraryapi.controller.AuthorController#search(String, String)
2025-06-05T11:57:28.243-03:00 DEBUG 8128 --- [libraryapi] [main] o.s.w.s.m.m.a.HttpEntityMethodProcessor  : Using 'application/json', given [*/*] and supported [application/json, application/*+json]
2025-06-05T11:57:28.248-03:00 DEBUG 8128 --- [libraryapi] [main] o.s.w.s.m.m.a.HttpEntityMethodProcessor  : Writing [[AuthorDTO[id=00000000-0000-0000-0000-000000000001, name=J.R.R. Tolkien, birthDate=1892-01-03, natio (truncated)...]
2025-06-05T11:57:28.337-03:00 DEBUG 8128 --- [libraryapi] [main] s.w.s.m.m.a.RequestMappingHandlerMapping : Mapped to com.matheusluizago.libraryapi.controller.AuthorController#save(AuthorDTO)
2025-06-05T11:57:28.363-03:00 DEBUG 8128 --- [libraryapi] [main] m.m.a.RequestResponseBodyMethodProcessor : Read "application/json;charset=UTF-8" to [AuthorDTO[id=00000000-0000-0000-0000-000000000001, name=J.R.R. Tolkien, birthDate=1892-01-03, nation (truncated)...]
2025-06-05T11:57:28.388-03:00 DEBUG 8128 --- [libraryapi] [main] .m.m.a.ExceptionHandlerExceptionResolver : Using @ExceptionHandler com.matheusluizago.libraryapi.controller.common.GlobalExceptionHandler#handleDuplicateRegisterException(DuplicateRegisterException)
2025-06-05T11:57:28.390-03:00 DEBUG 8128 --- [libraryapi] [main] m.m.a.RequestResponseBodyMethodProcessor : Using 'application/json', given [*/*] and supported [application/json, application/*+json]
2025-06-05T11:57:28.394-03:00 DEBUG 8128 --- [libraryapi] [main] m.m.a.RequestResponseBodyMethodProcessor : Writing [ErrorResponse[status=409, message=Author already registered, errors=[]]]
2025-06-05T11:57:28.397-03:00 DEBUG 8128 --- [libraryapi] [main] .m.m.a.ExceptionHandlerExceptionResolver : Resolved [com.matheusluizago.libraryapi.exceptions.DuplicateRegisterException: Author already registered]
2025-06-05T11:57:28.404-03:00 DEBUG 8128 --- [libraryapi] [main] s.w.s.m.m.a.RequestMappingHandlerMapping : Mapped to com.matheusluizago.libraryapi.controller.AuthorController#delete(String)
2025-06-05T11:57:28.405-03:00 DEBUG 8128 --- [libraryapi] [main] .m.m.a.ExceptionHandlerExceptionResolver : Using @ExceptionHandler com.matheusluizago.libraryapi.controller.common.GlobalExceptionHandler#handleIllegalState(IllegalStateException)
2025-06-05T11:57:28.406-03:00 DEBUG 8128 --- [libraryapi] [main] o.s.w.s.m.m.a.HttpEntityMethodProcessor  : Using 'application/json', given [*/*] and supported [application/json, application/*+json]
2025-06-05T11:57:28.406-03:00 DEBUG 8128 --- [libraryapi] [main] o.s.w.s.m.m.a.HttpEntityMethodProcessor  : Nothing to write: null body
2025-06-05T11:57:28.406-03:00 DEBUG 8128 --- [libraryapi] [main] .m.m.a.ExceptionHandlerExceptionResolver : Resolved [java.lang.IllegalStateException: Author has books]
2025-06-05T11:57:28.411-03:00 DEBUG 8128 --- [libraryapi] [main] s.w.s.m.m.a.RequestMappingHandlerMapping : Mapped to com.matheusluizago.libraryapi.controller.AuthorController#update(String, AuthorDTO)
2025-06-05T11:57:28.413-03:00 DEBUG 8128 --- [libraryapi] [main] m.m.a.RequestResponseBodyMethodProcessor : Read "application/json;charset=UTF-8" to [AuthorDTO[id=6f2b7225-d41f-4142-ab4b-8c9a0c2beb45, name=, birthDate=1892-01-03, nationality=British]]
2025-06-05T11:57:28.419-03:00 DEBUG 8128 --- [libraryapi] [main] .m.m.a.ExceptionHandlerExceptionResolver : Using @ExceptionHandler com.matheusluizago.libraryapi.controller.common.GlobalExceptionHandler#handleMethodArgumentNotValidException(MethodArgumentNotValidException)
2025-06-05T11:57:28.420-03:00 DEBUG 8128 --- [libraryapi] [main] m.m.a.RequestResponseBodyMethodProcessor : Using 'application/json', given [*/*] and supported [application/json, application/*+json]
2025-06-05T11:57:28.421-03:00 DEBUG 8128 --- [libraryapi] [main] m.m.a.RequestResponseBodyMethodProcessor : Writing [ErrorResponse[status=422, message=Validation Error, errors=[ErrorField[name=name, error=Required fie (truncated)...]
2025-06-05T11:57:28.422-03:00 DEBUG 8128 --- [libraryapi] [main] .m.m.a.ExceptionHandlerExceptionResolver : Resolved [org.springframework.web.bind.MethodArgumentNotValidException: Validation failed for argument [1] in public org.springframework.http.ResponseEntity<java.lang.Void> com.matheusluizago.libraryapi.controller.AuthorController.update(java.lang.String,com.matheusluizago.libraryapi.controller.dto.AuthorDTO) with 2 errors: [Field error in object 'authorDTO' on field 'name': rejected value []; codes [NotBlank.authorDTO.name,NotBlank.name,NotBlank.java.lang.String,NotBlank]; arguments [org.springframework.context.support.DefaultMessageSourceResolvable: codes [authorDTO.name,name]; arguments []; default message [name]]; default message [Required field.]] [Field error in object 'authorDTO' on field 'name': rejected value []; codes [Size.authorDTO.name,Size.name,Size.java.lang.String,Size]; arguments [org.springframework.context.support.DefaultMessageSourceResolvable: codes [authorDTO.name,name]; arguments []; default message [name],100,2]; default message [Field size invalid.]] ]
2025-06-05T11:57:28.427-03:00 DEBUG 8128 --- [libraryapi] [main] s.w.s.m.m.a.RequestMappingHandlerMapping : Mapped to com.matheusluizago.libraryapi.controller.AuthorController#search(String, String)
2025-06-05T11:57:28.428-03:00 DEBUG 8128 --- [libraryapi] [main] o.s.w.s.m.m.a.HttpEntityMethodProcessor  : Using 'application/json', given [*/*] and supported [application/json, application/*+json]
2025-06-05T11:57:28.428-03:00 DEBUG 8128 --- [libraryapi] [main] o.s.w.s.m.m.a.HttpEntityMethodProcessor  : Writing [[AuthorDTO[id=00000000-0000-0000-0000-000000000001, name=J.R.R. Tolkien, birthDate=1892-01-03, natio (truncated)...]
2025-06-05T11:57:28.434-03:00 DEBUG 8128 --- [libraryapi] [main] s.w.s.m.m.a.RequestMappingHandlerMapping : Mapped to com.matheusluizago.libraryapi.controller.AuthorController#getDetails(String)
2025-06-05T11:57:28.436-03:00 DEBUG 8128 --- [libraryapi] [main] o.s.w.s.m.m.a.HttpEntityMethodProcessor  : Using 'application/json', given [*/*] and supported [application/json, application/*+json]
2025-06-05T11:57:28.437-03:00 DEBUG 8128 --- [libraryapi] [main] o.s.w.s.m.m.a.HttpEntityMethodProcessor  : Writing [AuthorDTO[id=00000000-0000-0000-0000-000000000001, name=J.R.R. Tolkien, birthDate=1892-01-03, nation (truncated)...]
2025-06-05T11:57:28.441-03:00 DEBUG 8128 --- [libraryapi] [main] s.w.s.m.m.a.RequestMappingHandlerMapping : Mapped to com.matheusluizago.libraryapi.controller.AuthorController#save(AuthorDTO)
2025-06-05T11:57:28.442-03:00 DEBUG 8128 --- [libraryapi] [main] m.m.a.RequestResponseBodyMethodProcessor : Read "application/json;charset=UTF-8" to [AuthorDTO[id=00000000-0000-0000-0000-000000000001, name=, birthDate=3022-01-03, nationality=]]
2025-06-05T11:57:28.443-03:00 DEBUG 8128 --- [libraryapi] [main] .m.m.a.ExceptionHandlerExceptionResolver : Using @ExceptionHandler com.matheusluizago.libraryapi.controller.common.GlobalExceptionHandler#handleMethodArgumentNotValidException(MethodArgumentNotValidException)
2025-06-05T11:57:28.443-03:00 DEBUG 8128 --- [libraryapi] [main] m.m.a.RequestResponseBodyMethodProcessor : Using 'application/json', given [*/*] and supported [application/json, application/*+json]
2025-06-05T11:57:28.443-03:00 DEBUG 8128 --- [libraryapi] [main] m.m.a.RequestResponseBodyMethodProcessor : Writing [ErrorResponse[status=422, message=Validation Error, errors=[ErrorField[name=nationality, error=Requi (truncated)...]
2025-06-05T11:57:28.444-03:00 DEBUG 8128 --- [libraryapi] [main] .m.m.a.ExceptionHandlerExceptionResolver : Resolved [org.springframework.web.bind.MethodArgumentNotValidException: Validation failed for argument [0] in public org.springframework.http.ResponseEntity<java.lang.Void> com.matheusluizago.libraryapi.controller.AuthorController.save(com.matheusluizago.libraryapi.controller.dto.AuthorDTO) with 5 errors: [Field error in object 'authorDTO' on field 'nationality': rejected value []; codes [NotBlank.authorDTO.nationality,NotBlank.nationality,NotBlank.java.lang.String,NotBlank]; arguments [org.springframework.context.support.DefaultMessageSourceResolvable: codes [authorDTO.nationality,nationality]; arguments []; default message [nationality]]; default message [Required field.]] [Field error in object 'authorDTO' on field 'name': rejected value []; codes [Size.authorDTO.name,Size.name,Size.java.lang.String,Size]; arguments [org.springframework.context.support.DefaultMessageSourceResolvable: codes [authorDTO.name,name]; arguments []; default message [name],100,2]; default message [Field size invalid.]] [Field error in object 'authorDTO' on field 'birthDate': rejected value [3022-01-03]; codes [Past.authorDTO.birthDate,Past.birthDate,Past.java.time.LocalDate,Past]; arguments [org.springframework.context.support.DefaultMessageSourceResolvable: codes [authorDTO.birthDate,birthDate]; arguments []; default message [birthDate]]; default message [Date of birth cannot be a future date.]] [Field error in object 'authorDTO' on field 'name': rejected value []; codes [NotBlank.authorDTO.name,NotBlank.name,NotBlank.java.lang.String,NotBlank]; arguments [org.springframework.context.support.DefaultMessageSourceResolvable: codes [authorDTO.name,name]; arguments []; default message [name]]; default message [Required field.]] [Field error in object 'authorDTO' on field 'nationality': rejected value []; codes [Size.authorDTO.nationality,Size.nationality,Size.java.lang.String,Size]; arguments [org.springframework.context.support.DefaultMessageSourceResolvable: codes [authorDTO.nationality,nationality]; arguments []; default message [nationality],100,2]; default message [Field size invalid.]] ]
2025-06-05T11:57:28.454-03:00 DEBUG 8128 --- [libraryapi] [main] s.w.s.m.m.a.RequestMappingHandlerMapping : Mapped to com.matheusluizago.libraryapi.controller.AuthorController#getDetails(String)
2025-06-05T11:57:28.455-03:00 DEBUG 8128 --- [libraryapi] [main] o.s.w.s.m.m.a.HttpEntityMethodProcessor  : Using 'application/json', given [*/*] and supported [application/json, application/*+json]
2025-06-05T11:57:28.455-03:00 DEBUG 8128 --- [libraryapi] [main] o.s.w.s.m.m.a.HttpEntityMethodProcessor  : Nothing to write: null body
2025-06-05T11:57:28.460-03:00 DEBUG 8128 --- [libraryapi] [main] s.w.s.m.m.a.RequestMappingHandlerMapping : Mapped to com.matheusluizago.libraryapi.controller.AuthorController#save(AuthorDTO)
2025-06-05T11:57:28.461-03:00 DEBUG 8128 --- [libraryapi] [main] m.m.a.RequestResponseBodyMethodProcessor : Read "application/json;charset=UTF-8" to [AuthorDTO[id=00000000-0000-0000-0000-000000000001, name=J.R.R. Tolkien, birthDate=1892-01-03, nation (truncated)...]
2025-06-05T11:57:28.463-03:00 DEBUG 8128 --- [libraryapi] [main] o.s.w.s.m.m.a.HttpEntityMethodProcessor  : Using 'application/json', given [*/*] and supported [application/json, application/*+json]
2025-06-05T11:57:28.463-03:00 DEBUG 8128 --- [libraryapi] [main] o.s.w.s.m.m.a.HttpEntityMethodProcessor  : Nothing to write: null body
2025-06-05T11:57:28.478-03:00 DEBUG 8128 --- [libraryapi] [main] s.w.s.m.m.a.RequestMappingHandlerMapping : Mapped to com.matheusluizago.libraryapi.controller.AuthorController#update(String, AuthorDTO)
2025-06-05T11:57:28.479-03:00 DEBUG 8128 --- [libraryapi] [main] m.m.a.RequestResponseBodyMethodProcessor : Read "application/json;charset=UTF-8" to [AuthorDTO[id=d46b9440-21d5-4a18-adb9-b70222b2ec5d, name=J.R.R. Tolkien, birthDate=1892-01-03, nation (truncated)...]
2025-06-05T11:57:28.480-03:00 DEBUG 8128 --- [libraryapi] [main] o.s.w.s.m.m.a.HttpEntityMethodProcessor  : Using 'application/json', given [*/*] and supported [application/json, application/*+json]
2025-06-05T11:57:28.480-03:00 DEBUG 8128 --- [libraryapi] [main] o.s.w.s.m.m.a.HttpEntityMethodProcessor  : Nothing to write: null body
2025-06-05T11:57:28.524-03:00 DEBUG 8128 --- [libraryapi] [main] o.s.w.c.s.GenericWebApplicationContext   : Refreshing org.springframework.web.context.support.GenericWebApplicationContext@8cad98b
2025-06-05T11:57:28.893-03:00 DEBUG 8128 --- [libraryapi] [main] s.w.s.m.m.a.RequestMappingHandlerMapping : 7 mappings in 'requestMappingHandlerMapping'
2025-06-05T11:57:28.896-03:00 DEBUG 8128 --- [libraryapi] [main] o.s.w.s.handler.SimpleUrlHandlerMapping  : Patterns [/login] in 'viewControllerHandlerMapping'
2025-06-05T11:57:28.926-03:00 DEBUG 8128 --- [libraryapi] [main] s.w.s.m.m.a.RequestMappingHandlerAdapter : ControllerAdvice beans: 0 @ModelAttribute, 0 @InitBinder, 1 RequestBodyAdvice, 1 ResponseBodyAdvice
2025-06-05T11:57:28.929-03:00 DEBUG 8128 --- [libraryapi] [main] .m.m.a.ExceptionHandlerExceptionResolver : ControllerAdvice beans: 1 @ExceptionHandler, 1 ResponseBodyAdvice
2025-06-05T11:57:29.027-03:00 DEBUG 8128 --- [libraryapi] [main] s.w.s.m.m.a.RequestMappingHandlerMapping : Mapped to com.matheusluizago.libraryapi.controller.BookController#search(String, String, String, BookGenre, Integer, Integer, Integer)
2025-06-05T11:57:29.035-03:00 DEBUG 8128 --- [libraryapi] [main] o.s.w.s.m.m.a.HttpEntityMethodProcessor  : Using 'application/json', given [*/*] and supported [application/json, application/*+json]
2025-06-05T11:57:29.035-03:00 DEBUG 8128 --- [libraryapi] [main] o.s.w.s.m.m.a.HttpEntityMethodProcessor  : Writing [Page 1 of 1 containing UNKNOWN instances]
2025-06-05T11:57:29.042-03:00 DEBUG 8128 --- [libraryapi] [main] .m.m.a.ExceptionHandlerExceptionResolver : Using @ExceptionHandler com.matheusluizago.libraryapi.controller.common.GlobalExceptionHandler#handleUnhandledError(RuntimeException)
2025-06-05T11:57:29.042-03:00 DEBUG 8128 --- [libraryapi] [main] m.m.a.RequestResponseBodyMethodProcessor : Found 'Content-Type:application/json' in response
2025-06-05T11:57:29.043-03:00 DEBUG 8128 --- [libraryapi] [main] m.m.a.RequestResponseBodyMethodProcessor : Writing [ErrorResponse[status=500, message=Unexpected Error, contact administration., errors=[]]]
2025-06-05T11:57:29.044-03:00 DEBUG 8128 --- [libraryapi] [main] .m.m.a.ExceptionHandlerExceptionResolver : Resolved [org.springframework.http.converter.HttpMessageNotWritableException: Could not write JSON: (was java.lang.UnsupportedOperationException)]
2025-06-05T11:57:29.057-03:00 DEBUG 8128 --- [libraryapi] [main] s.w.s.m.m.a.RequestMappingHandlerMapping : Mapped to com.matheusluizago.libraryapi.controller.BookController#getDetails(String)
2025-06-05T11:57:29.064-03:00 DEBUG 8128 --- [libraryapi] [main] o.s.w.s.m.m.a.HttpEntityMethodProcessor  : Using 'application/json', given [*/*] and supported [application/json, application/*+json]
2025-06-05T11:57:29.069-03:00 DEBUG 8128 --- [libraryapi] [main] o.s.w.s.m.m.a.HttpEntityMethodProcessor  : Writing [ResultSearchBookDTO[id=00000000-0000-0000-0000-000000000001, isbn=9783161484100, title=O Hobbit, pub (truncated)...]
2025-06-05T11:57:29.077-03:00 DEBUG 8128 --- [libraryapi] [main] s.w.s.m.m.a.RequestMappingHandlerMapping : Mapped to com.matheusluizago.libraryapi.controller.BookController#delete(String)
2025-06-05T11:57:29.079-03:00 DEBUG 8128 --- [libraryapi] [main] o.s.w.s.m.m.a.HttpEntityMethodProcessor  : Using 'application/octet-stream', given [*/*] and supported [*/*]
2025-06-05T11:57:29.085-03:00 DEBUG 8128 --- [libraryapi] [main] s.w.s.m.m.a.RequestMappingHandlerMapping : Mapped to com.matheusluizago.libraryapi.controller.BookController#save(RegisterBookDTO)
2025-06-05T11:57:29.094-03:00 DEBUG 8128 --- [libraryapi] [main] m.m.a.RequestResponseBodyMethodProcessor : Read "application/json;charset=UTF-8" to [RegisterBookDTO[isbn=, title=, publishDate=2025-06-06, genre=null, price=null, authorId=null]]
2025-06-05T11:57:29.111-03:00 DEBUG 8128 --- [libraryapi] [main] .m.m.a.ExceptionHandlerExceptionResolver : Using @ExceptionHandler com.matheusluizago.libraryapi.controller.common.GlobalExceptionHandler#handleMethodArgumentNotValidException(MethodArgumentNotValidException)
2025-06-05T11:57:29.111-03:00 DEBUG 8128 --- [libraryapi] [main] m.m.a.RequestResponseBodyMethodProcessor : Using 'application/json', given [*/*] and supported [application/json, application/*+json]
2025-06-05T11:57:29.112-03:00 DEBUG 8128 --- [libraryapi] [main] m.m.a.RequestResponseBodyMethodProcessor : Writing [ErrorResponse[status=422, message=Validation Error, errors=[ErrorField[name=authorId, error=Required (truncated)...]
2025-06-05T11:57:29.112-03:00 DEBUG 8128 --- [libraryapi] [main] .m.m.a.ExceptionHandlerExceptionResolver : Resolved [org.springframework.web.bind.MethodArgumentNotValidException: Validation failed for argument [0] in public org.springframework.http.ResponseEntity<java.lang.Void> com.matheusluizago.libraryapi.controller.BookController.save(com.matheusluizago.libraryapi.controller.dto.RegisterBookDTO) with 5 errors: [Field error in object 'registerBookDTO' on field 'authorId': rejected value [null]; codes [NotNull.registerBookDTO.authorId,NotNull.authorId,NotNull.java.util.UUID,NotNull]; arguments [org.springframework.context.support.DefaultMessageSourceResolvable: codes [registerBookDTO.authorId,authorId]; arguments []; default message [authorId]]; default message [Required field.]] [Field error in object 'registerBookDTO' on field 'isbn': rejected value []; codes [ISBN.registerBookDTO.isbn,ISBN.isbn,ISBN.java.lang.String,ISBN]; arguments [org.springframework.context.support.DefaultMessageSourceResolvable: codes [registerBookDTO.isbn,isbn]; arguments []; default message [isbn],ISBN_13]; default message [invalid ISBN]] [Field error in object 'registerBookDTO' on field 'publishDate': rejected value [2025-06-06]; codes [Past.registerBookDTO.publishDate,Past.publishDate,Past.java.time.LocalDate,Past]; arguments [org.springframework.context.support.DefaultMessageSourceResolvable: codes [registerBookDTO.publishDate,publishDate]; arguments []; default message [publishDate]]; default message [The publish date cannot be a future date.]] [Field error in object 'registerBookDTO' on field 'title': rejected value []; codes [NotBlank.registerBookDTO.title,NotBlank.title,NotBlank.java.lang.String,NotBlank]; arguments [org.springframework.context.support.DefaultMessageSourceResolvable: codes [registerBookDTO.title,title]; arguments []; default message [title]]; default message [Required field.]] [Field error in object 'registerBookDTO' on field 'isbn': rejected value []; codes [NotBlank.registerBookDTO.isbn,NotBlank.isbn,NotBlank.java.lang.String,NotBlank]; arguments [org.springframework.context.support.DefaultMessageSourceResolvable: codes [registerBookDTO.isbn,isbn]; arguments []; default message [isbn]]; default message [Required field.]] ]
2025-06-05T11:57:29.118-03:00 DEBUG 8128 --- [libraryapi] [main] s.w.s.m.m.a.RequestMappingHandlerMapping : Mapped to com.matheusluizago.libraryapi.controller.BookController#search(String, String, String, BookGenre, Integer, Integer, Integer)
2025-06-05T11:57:29.121-03:00 DEBUG 8128 --- [libraryapi] [main] o.s.w.s.m.m.a.HttpEntityMethodProcessor  : Using 'application/json', given [*/*] and supported [application/json, application/*+json]
2025-06-05T11:57:29.121-03:00 DEBUG 8128 --- [libraryapi] [main] o.s.w.s.m.m.a.HttpEntityMethodProcessor  : Writing [Page 1 of 1 containing com.matheusluizago.libraryapi.controller.dto.ResultSearchBookDTO instances]
2025-06-05T11:57:29.122-03:00 DEBUG 8128 --- [libraryapi] [main] .m.m.a.ExceptionHandlerExceptionResolver : Using @ExceptionHandler com.matheusluizago.libraryapi.controller.common.GlobalExceptionHandler#handleUnhandledError(RuntimeException)
2025-06-05T11:57:29.122-03:00 DEBUG 8128 --- [libraryapi] [main] m.m.a.RequestResponseBodyMethodProcessor : Found 'Content-Type:application/json' in response
2025-06-05T11:57:29.122-03:00 DEBUG 8128 --- [libraryapi] [main] m.m.a.RequestResponseBodyMethodProcessor : Writing [ErrorResponse[status=500, message=Unexpected Error, contact administration., errors=[]]]
2025-06-05T11:57:29.123-03:00 DEBUG 8128 --- [libraryapi] [main] .m.m.a.ExceptionHandlerExceptionResolver : Resolved [org.springframework.http.converter.HttpMessageNotWritableException: Could not write JSON: (was java.lang.UnsupportedOperationException)]
2025-06-05T11:57:29.130-03:00 DEBUG 8128 --- [libraryapi] [main] s.w.s.m.m.a.RequestMappingHandlerMapping : Mapped to com.matheusluizago.libraryapi.controller.BookController#save(RegisterBookDTO)
2025-06-05T11:57:29.134-03:00 DEBUG 8128 --- [libraryapi] [main] m.m.a.RequestResponseBodyMethodProcessor : Read "application/json;charset=UTF-8" to [RegisterBookDTO[isbn=9783161484100, title=O Hobbit, publishDate=1937-09-21, genre=FANTASY, price=49. (truncated)...]
2025-06-05T11:57:29.136-03:00 DEBUG 8128 --- [libraryapi] [main] o.s.w.s.m.m.a.HttpEntityMethodProcessor  : Using 'application/json', given [*/*] and supported [application/json, application/*+json]
2025-06-05T11:57:29.136-03:00 DEBUG 8128 --- [libraryapi] [main] o.s.w.s.m.m.a.HttpEntityMethodProcessor  : Nothing to write: null body
2025-06-05T11:57:29.141-03:00 DEBUG 8128 --- [libraryapi] [main] s.w.s.m.m.a.RequestMappingHandlerMapping : Mapped to com.matheusluizago.libraryapi.controller.BookController#delete(String)
2025-06-05T11:57:29.142-03:00 DEBUG 8128 --- [libraryapi] [main] o.s.w.s.m.m.a.HttpEntityMethodProcessor  : Using 'application/octet-stream', given [*/*] and supported [*/*]
2025-06-05T11:57:29.147-03:00 DEBUG 8128 --- [libraryapi] [main] s.w.s.m.m.a.RequestMappingHandlerMapping : Mapped to com.matheusluizago.libraryapi.controller.BookController#save(RegisterBookDTO)
2025-06-05T11:57:29.148-03:00 DEBUG 8128 --- [libraryapi] [main] m.m.a.RequestResponseBodyMethodProcessor : Read "application/json;charset=UTF-8" to [RegisterBookDTO[isbn=9783161484100, title=O Hobbit, publishDate=1937-09-21, genre=FANTASY, price=49. (truncated)...]
2025-06-05T11:57:29.150-03:00 DEBUG 8128 --- [libraryapi] [main] .m.m.a.ExceptionHandlerExceptionResolver : Using @ExceptionHandler com.matheusluizago.libraryapi.controller.common.GlobalExceptionHandler#handleDuplicateRegisterException(DuplicateRegisterException)
2025-06-05T11:57:29.150-03:00 DEBUG 8128 --- [libraryapi] [main] m.m.a.RequestResponseBodyMethodProcessor : Using 'application/json', given [*/*] and supported [application/json, application/*+json]
2025-06-05T11:57:29.150-03:00 DEBUG 8128 --- [libraryapi] [main] m.m.a.RequestResponseBodyMethodProcessor : Writing [ErrorResponse[status=409, message=Book already exists, errors=[]]]
2025-06-05T11:57:29.150-03:00 DEBUG 8128 --- [libraryapi] [main] .m.m.a.ExceptionHandlerExceptionResolver : Resolved [com.matheusluizago.libraryapi.exceptions.DuplicateRegisterException: Book already exists]
2025-06-05T11:57:29.156-03:00 DEBUG 8128 --- [libraryapi] [main] s.w.s.m.m.a.RequestMappingHandlerMapping : Mapped to com.matheusluizago.libraryapi.controller.BookController#getDetails(String)
2025-06-05T11:57:29.157-03:00 DEBUG 8128 --- [libraryapi] [main] o.s.w.s.m.m.a.HttpEntityMethodProcessor  : Using 'application/json', given [*/*] and supported [application/json, application/*+json]
2025-06-05T11:57:29.157-03:00 DEBUG 8128 --- [libraryapi] [main] o.s.w.s.m.m.a.HttpEntityMethodProcessor  : Nothing to write: null body
2025-06-05T11:57:29.161-03:00 DEBUG 8128 --- [libraryapi] [SpringApplicationShutdownHook] o.s.w.c.s.GenericWebApplicationContext   : Closing org.springframework.web.context.support.GenericWebApplicationContext@4cd1c1dc, started on Thu Jun 05 11:57:23 BRT 2025
2025-06-05T11:57:29.165-03:00 DEBUG 8128 --- [libraryapi] [SpringApplicationShutdownHook] o.s.w.c.s.GenericWebApplicationContext   : Closing org.springframework.web.context.support.GenericWebApplicationContext@8cad98b, started on Thu Jun 05 11:57:28 BRT 2025
2025-06-05T12:08:12.739-03:00 DEBUG 11828 --- [libraryapi] [main] o.s.w.c.s.GenericWebApplicationContext   : Refreshing org.springframework.web.context.support.GenericWebApplicationContext@1c12f3ee
2025-06-05T12:08:16.119-03:00 DEBUG 11828 --- [libraryapi] [main] s.w.s.m.m.a.RequestMappingHandlerMapping : 7 mappings in 'requestMappingHandlerMapping'
2025-06-05T12:08:16.126-03:00 DEBUG 11828 --- [libraryapi] [main] o.s.w.s.handler.SimpleUrlHandlerMapping  : Patterns [/login] in 'viewControllerHandlerMapping'
2025-06-05T12:08:16.239-03:00 DEBUG 11828 --- [libraryapi] [main] s.w.s.m.m.a.RequestMappingHandlerAdapter : ControllerAdvice beans: 0 @ModelAttribute, 0 @InitBinder, 1 RequestBodyAdvice, 1 ResponseBodyAdvice
2025-06-05T12:08:16.267-03:00 DEBUG 11828 --- [libraryapi] [main] .m.m.a.ExceptionHandlerExceptionResolver : ControllerAdvice beans: 1 @ExceptionHandler, 1 ResponseBodyAdvice
2025-06-05T12:08:17.273-03:00 DEBUG 11828 --- [libraryapi] [main] s.w.s.m.m.a.RequestMappingHandlerMapping : Mapped to com.matheusluizago.libraryapi.controller.BookController#update(String, RegisterBookDTO)
2025-06-05T12:08:17.328-03:00 DEBUG 11828 --- [libraryapi] [main] m.m.a.RequestResponseBodyMethodProcessor : Read "application/json;charset=UTF-8" to [RegisterBookDTO[isbn=9783161484100, title=O Hobbit, publishDate=1937-09-21, genre=FANTASY, price=49. (truncated)...]
2025-06-05T12:08:17.358-03:00 DEBUG 11828 --- [libraryapi] [main] .m.m.a.ExceptionHandlerExceptionResolver : Using @ExceptionHandler com.matheusluizago.libraryapi.controller.common.GlobalExceptionHandler#handleUnhandledError(RuntimeException)
2025-06-05T12:08:17.363-03:00 DEBUG 11828 --- [libraryapi] [main] m.m.a.RequestResponseBodyMethodProcessor : Using 'application/json', given [*/*] and supported [application/json, application/*+json]
2025-06-05T12:08:17.367-03:00 DEBUG 11828 --- [libraryapi] [main] m.m.a.RequestResponseBodyMethodProcessor : Writing [ErrorResponse[status=500, message=Unexpected Error, contact administration., errors=[]]]
2025-06-05T12:08:17.375-03:00 DEBUG 11828 --- [libraryapi] [main] .m.m.a.ExceptionHandlerExceptionResolver : Resolved [java.lang.NullPointerException: Cannot invoke "com.matheusluizago.libraryapi.model.Book.getAuthor()" because "entityAux" is null]
2025-06-05T12:08:17.406-03:00 DEBUG 11828 --- [libraryapi] [SpringApplicationShutdownHook] o.s.w.c.s.GenericWebApplicationContext   : Closing org.springframework.web.context.support.GenericWebApplicationContext@1c12f3ee, started on Thu Jun 05 12:08:12 BRT 2025
2025-06-05T12:08:54.176-03:00 DEBUG 1932 --- [libraryapi] [main] o.s.w.c.s.GenericWebApplicationContext   : Refreshing org.springframework.web.context.support.GenericWebApplicationContext@1c12f3ee
2025-06-05T12:08:57.398-03:00 DEBUG 1932 --- [libraryapi] [main] s.w.s.m.m.a.RequestMappingHandlerMapping : 7 mappings in 'requestMappingHandlerMapping'
2025-06-05T12:08:57.406-03:00 DEBUG 1932 --- [libraryapi] [main] o.s.w.s.handler.SimpleUrlHandlerMapping  : Patterns [/login] in 'viewControllerHandlerMapping'
2025-06-05T12:08:57.522-03:00 DEBUG 1932 --- [libraryapi] [main] s.w.s.m.m.a.RequestMappingHandlerAdapter : ControllerAdvice beans: 0 @ModelAttribute, 0 @InitBinder, 1 RequestBodyAdvice, 1 ResponseBodyAdvice
2025-06-05T12:08:57.551-03:00 DEBUG 1932 --- [libraryapi] [main] .m.m.a.ExceptionHandlerExceptionResolver : ControllerAdvice beans: 1 @ExceptionHandler, 1 ResponseBodyAdvice
2025-06-05T12:08:58.512-03:00 DEBUG 1932 --- [libraryapi] [main] s.w.s.m.m.a.RequestMappingHandlerMapping : Mapped to com.matheusluizago.libraryapi.controller.BookController#getDetails(String)
2025-06-05T12:08:58.575-03:00 DEBUG 1932 --- [libraryapi] [main] o.s.w.s.m.m.a.HttpEntityMethodProcessor  : Using 'application/json', given [*/*] and supported [application/json, application/*+json]
2025-06-05T12:08:58.584-03:00 DEBUG 1932 --- [libraryapi] [main] o.s.w.s.m.m.a.HttpEntityMethodProcessor  : Writing [ResultSearchBookDTO[id=00000000-0000-0000-0000-000000000001, isbn=9783161484100, title=O Hobbit, pub (truncated)...]
2025-06-05T12:08:58.637-03:00 DEBUG 1932 --- [libraryapi] [SpringApplicationShutdownHook] o.s.w.c.s.GenericWebApplicationContext   : Closing org.springframework.web.context.support.GenericWebApplicationContext@1c12f3ee, started on Thu Jun 05 12:08:54 BRT 2025
2025-06-05T12:09:06.764-03:00 DEBUG 11908 --- [libraryapi] [main] o.s.w.c.s.GenericWebApplicationContext   : Refreshing org.springframework.web.context.support.GenericWebApplicationContext@27068a50
2025-06-05T12:09:10.262-03:00 DEBUG 11908 --- [libraryapi] [main] s.w.s.m.m.a.RequestMappingHandlerMapping : 7 mappings in 'requestMappingHandlerMapping'
2025-06-05T12:09:10.270-03:00 DEBUG 11908 --- [libraryapi] [main] o.s.w.s.handler.SimpleUrlHandlerMapping  : Patterns [/login] in 'viewControllerHandlerMapping'
2025-06-05T12:09:10.393-03:00 DEBUG 11908 --- [libraryapi] [main] s.w.s.m.m.a.RequestMappingHandlerAdapter : ControllerAdvice beans: 0 @ModelAttribute, 0 @InitBinder, 1 RequestBodyAdvice, 1 ResponseBodyAdvice
2025-06-05T12:09:10.427-03:00 DEBUG 11908 --- [libraryapi] [main] .m.m.a.ExceptionHandlerExceptionResolver : ControllerAdvice beans: 1 @ExceptionHandler, 1 ResponseBodyAdvice
2025-06-05T12:09:11.459-03:00 DEBUG 11908 --- [libraryapi] [main] s.w.s.m.m.a.RequestMappingHandlerMapping : Mapped to com.matheusluizago.libraryapi.controller.BookController#update(String, RegisterBookDTO)
2025-06-05T12:09:11.521-03:00 DEBUG 11908 --- [libraryapi] [main] m.m.a.RequestResponseBodyMethodProcessor : Read "application/json;charset=UTF-8" to [RegisterBookDTO[isbn=, title=, publishDate=2025-06-06, genre=null, price=null, authorId=null]]
2025-06-05T12:09:11.570-03:00 DEBUG 11908 --- [libraryapi] [main] .m.m.a.ExceptionHandlerExceptionResolver : Using @ExceptionHandler com.matheusluizago.libraryapi.controller.common.GlobalExceptionHandler#handleMethodArgumentNotValidException(MethodArgumentNotValidException)
2025-06-05T12:09:11.575-03:00 DEBUG 11908 --- [libraryapi] [main] m.m.a.RequestResponseBodyMethodProcessor : Using 'application/json', given [*/*] and supported [application/json, application/*+json]
2025-06-05T12:09:11.579-03:00 DEBUG 11908 --- [libraryapi] [main] m.m.a.RequestResponseBodyMethodProcessor : Writing [ErrorResponse[status=422, message=Validation Error, errors=[ErrorField[name=publishDate, error=The p (truncated)...]
2025-06-05T12:09:11.587-03:00 DEBUG 11908 --- [libraryapi] [main] .m.m.a.ExceptionHandlerExceptionResolver : Resolved [org.springframework.web.bind.MethodArgumentNotValidException: Validation failed for argument [1] in public org.springframework.http.ResponseEntity<java.lang.Object> com.matheusluizago.libraryapi.controller.BookController.update(java.lang.String,com.matheusluizago.libraryapi.controller.dto.RegisterBookDTO) with 5 errors: [Field error in object 'registerBookDTO' on field 'publishDate': rejected value [2025-06-06]; codes [Past.registerBookDTO.publishDate,Past.publishDate,Past.java.time.LocalDate,Past]; arguments [org.springframework.context.support.DefaultMessageSourceResolvable: codes [registerBookDTO.publishDate,publishDate]; arguments []; default message [publishDate]]; default message [The publish date cannot be a future date.]] [Field error in object 'registerBookDTO' on field 'authorId': rejected value [null]; codes [NotNull.registerBookDTO.authorId,NotNull.authorId,NotNull.java.util.UUID,NotNull]; arguments [org.springframework.context.support.DefaultMessageSourceResolvable: codes [registerBookDTO.authorId,authorId]; arguments []; default message [authorId]]; default message [Required field.]] [Field error in object 'registerBookDTO' on field 'title': rejected value []; codes [NotBlank.registerBookDTO.title,NotBlank.title,NotBlank.java.lang.String,NotBlank]; arguments [org.springframework.context.support.DefaultMessageSourceResolvable: codes [registerBookDTO.title,title]; arguments []; default message [title]]; default message [Required field.]] [Field error in object 'registerBookDTO' on field 'isbn': rejected value []; codes [NotBlank.registerBookDTO.isbn,NotBlank.isbn,NotBlank.java.lang.String,NotBlank]; arguments [org.springframework.context.support.DefaultMessageSourceResolvable: codes [registerBookDTO.isbn,isbn]; arguments []; default message [isbn]]; default message [Required field.]] [Field error in object 'registerBookDTO' on field 'isbn': rejected value []; codes [ISBN.registerBookDTO.isbn,ISBN.isbn,ISBN.java.lang.String,ISBN]; arguments [org.springframework.context.support.DefaultMessageSourceResolvable: codes [registerBookDTO.isbn,isbn]; arguments []; default message [isbn],ISBN_13]; default message [invalid ISBN]] ]
2025-06-05T12:09:11.630-03:00 DEBUG 11908 --- [libraryapi] [main] s.w.s.m.m.a.RequestMappingHandlerMapping : Mapped to com.matheusluizago.libraryapi.controller.BookController#search(String, String, String, BookGenre, Integer, Integer, Integer)
2025-06-05T12:09:11.640-03:00 DEBUG 11908 --- [libraryapi] [main] o.s.w.s.m.m.a.HttpEntityMethodProcessor  : Using 'application/json', given [*/*] and supported [application/json, application/*+json]
2025-06-05T12:09:11.640-03:00 DEBUG 11908 --- [libraryapi] [main] o.s.w.s.m.m.a.HttpEntityMethodProcessor  : Writing [Page 1 of 1 containing UNKNOWN instances]
2025-06-05T12:09:11.648-03:00 DEBUG 11908 --- [libraryapi] [main] .m.m.a.ExceptionHandlerExceptionResolver : Using @ExceptionHandler com.matheusluizago.libraryapi.controller.common.GlobalExceptionHandler#handleUnhandledError(RuntimeException)
2025-06-05T12:09:11.648-03:00 DEBUG 11908 --- [libraryapi] [main] m.m.a.RequestResponseBodyMethodProcessor : Found 'Content-Type:application/json' in response
2025-06-05T12:09:11.648-03:00 DEBUG 11908 --- [libraryapi] [main] m.m.a.RequestResponseBodyMethodProcessor : Writing [ErrorResponse[status=500, message=Unexpected Error, contact administration., errors=[]]]
2025-06-05T12:09:11.649-03:00 DEBUG 11908 --- [libraryapi] [main] .m.m.a.ExceptionHandlerExceptionResolver : Resolved [org.springframework.http.converter.HttpMessageNotWritableException: Could not write JSON: (was java.lang.UnsupportedOperationException)]
2025-06-05T12:09:11.663-03:00 DEBUG 11908 --- [libraryapi] [main] s.w.s.m.m.a.RequestMappingHandlerMapping : Mapped to com.matheusluizago.libraryapi.controller.BookController#getDetails(String)
2025-06-05T12:09:11.668-03:00 DEBUG 11908 --- [libraryapi] [main] o.s.w.s.m.m.a.HttpEntityMethodProcessor  : Using 'application/json', given [*/*] and supported [application/json, application/*+json]
2025-06-05T12:09:11.677-03:00 DEBUG 11908 --- [libraryapi] [main] o.s.w.s.m.m.a.HttpEntityMethodProcessor  : Writing [ResultSearchBookDTO[id=00000000-0000-0000-0000-000000000001, isbn=9783161484100, title=O Hobbit, pub (truncated)...]
2025-06-05T12:09:11.718-03:00 DEBUG 11908 --- [libraryapi] [main] s.w.s.m.m.a.RequestMappingHandlerMapping : Mapped to com.matheusluizago.libraryapi.controller.BookController#delete(String)
2025-06-05T12:09:11.720-03:00 DEBUG 11908 --- [libraryapi] [main] o.s.w.s.m.m.a.HttpEntityMethodProcessor  : Using 'application/octet-stream', given [*/*] and supported [*/*]
2025-06-05T12:09:11.727-03:00 DEBUG 11908 --- [libraryapi] [main] s.w.s.m.m.a.RequestMappingHandlerMapping : Mapped to com.matheusluizago.libraryapi.controller.BookController#update(String, RegisterBookDTO)
2025-06-05T12:09:11.729-03:00 DEBUG 11908 --- [libraryapi] [main] m.m.a.RequestResponseBodyMethodProcessor : Read "application/json;charset=UTF-8" to [RegisterBookDTO[isbn=9783161484100, title=O Hobbit, publishDate=1937-09-21, genre=FANTASY, price=49. (truncated)...]
2025-06-05T12:09:11.730-03:00 DEBUG 11908 --- [libraryapi] [main] o.s.w.s.m.m.a.HttpEntityMethodProcessor  : Using 'application/octet-stream', given [*/*] and supported [*/*]
2025-06-05T12:09:11.737-03:00 DEBUG 11908 --- [libraryapi] [main] s.w.s.m.m.a.RequestMappingHandlerMapping : Mapped to com.matheusluizago.libraryapi.controller.BookController#save(RegisterBookDTO)
2025-06-05T12:09:11.738-03:00 DEBUG 11908 --- [libraryapi] [main] m.m.a.RequestResponseBodyMethodProcessor : Read "application/json;charset=UTF-8" to [RegisterBookDTO[isbn=, title=, publishDate=2025-06-06, genre=null, price=null, authorId=null]]
2025-06-05T12:09:11.739-03:00 DEBUG 11908 --- [libraryapi] [main] .m.m.a.ExceptionHandlerExceptionResolver : Using @ExceptionHandler com.matheusluizago.libraryapi.controller.common.GlobalExceptionHandler#handleMethodArgumentNotValidException(MethodArgumentNotValidException)
2025-06-05T12:09:11.739-03:00 DEBUG 11908 --- [libraryapi] [main] m.m.a.RequestResponseBodyMethodProcessor : Using 'application/json', given [*/*] and supported [application/json, application/*+json]
2025-06-05T12:09:11.739-03:00 DEBUG 11908 --- [libraryapi] [main] m.m.a.RequestResponseBodyMethodProcessor : Writing [ErrorResponse[status=422, message=Validation Error, errors=[ErrorField[name=title, error=Required fi (truncated)...]
2025-06-05T12:09:11.740-03:00 DEBUG 11908 --- [libraryapi] [main] .m.m.a.ExceptionHandlerExceptionResolver : Resolved [org.springframework.web.bind.MethodArgumentNotValidException: Validation failed for argument [0] in public org.springframework.http.ResponseEntity<java.lang.Void> com.matheusluizago.libraryapi.controller.BookController.save(com.matheusluizago.libraryapi.controller.dto.RegisterBookDTO) with 5 errors: [Field error in object 'registerBookDTO' on field 'title': rejected value []; codes [NotBlank.registerBookDTO.title,NotBlank.title,NotBlank.java.lang.String,NotBlank]; arguments [org.springframework.context.support.DefaultMessageSourceResolvable: codes [registerBookDTO.title,title]; arguments []; default message [title]]; default message [Required field.]] [Field error in object 'registerBookDTO' on field 'authorId': rejected value [null]; codes [NotNull.registerBookDTO.authorId,NotNull.authorId,NotNull.java.util.UUID,NotNull]; arguments [org.springframework.context.support.DefaultMessageSourceResolvable: codes [registerBookDTO.authorId,authorId]; arguments []; default message [authorId]]; default message [Required field.]] [Field error in object 'registerBookDTO' on field 'publishDate': rejected value [2025-06-06]; codes [Past.registerBookDTO.publishDate,Past.publishDate,Past.java.time.LocalDate,Past]; arguments [org.springframework.context.support.DefaultMessageSourceResolvable: codes [registerBookDTO.publishDate,publishDate]; arguments []; default message [publishDate]]; default message [The publish date cannot be a future date.]] [Field error in object 'registerBookDTO' on field 'isbn': rejected value []; codes [NotBlank.registerBookDTO.isbn,NotBlank.isbn,NotBlank.java.lang.String,NotBlank]; arguments [org.springframework.context.support.DefaultMessageSourceResolvable: codes [registerBookDTO.isbn,isbn]; arguments []; default message [isbn]]; default message [Required field.]] [Field error in object 'registerBookDTO' on field 'isbn': rejected value []; codes [ISBN.registerBookDTO.isbn,ISBN.isbn,ISBN.java.lang.String,ISBN]; arguments [org.springframework.context.support.DefaultMessageSourceResolvable: codes [registerBookDTO.isbn,isbn]; arguments []; default message [isbn],ISBN_13]; default message [invalid ISBN]] ]
2025-06-05T12:09:11.744-03:00 DEBUG 11908 --- [libraryapi] [main] s.w.s.m.m.a.RequestMappingHandlerMapping : Mapped to com.matheusluizago.libraryapi.controller.BookController#search(String, String, String, BookGenre, Integer, Integer, Integer)
2025-06-05T12:09:11.746-03:00 DEBUG 11908 --- [libraryapi] [main] o.s.w.s.m.m.a.HttpEntityMethodProcessor  : Using 'application/json', given [*/*] and supported [application/json, application/*+json]
2025-06-05T12:09:11.746-03:00 DEBUG 11908 --- [libraryapi] [main] o.s.w.s.m.m.a.HttpEntityMethodProcessor  : Writing [Page 1 of 1 containing com.matheusluizago.libraryapi.controller.dto.ResultSearchBookDTO instances]
2025-06-05T12:09:11.755-03:00 DEBUG 11908 --- [libraryapi] [main] .m.m.a.ExceptionHandlerExceptionResolver : Using @ExceptionHandler com.matheusluizago.libraryapi.controller.common.GlobalExceptionHandler#handleUnhandledError(RuntimeException)
2025-06-05T12:09:11.755-03:00 DEBUG 11908 --- [libraryapi] [main] m.m.a.RequestResponseBodyMethodProcessor : Found 'Content-Type:application/json' in response
2025-06-05T12:09:11.755-03:00 DEBUG 11908 --- [libraryapi] [main] m.m.a.RequestResponseBodyMethodProcessor : Writing [ErrorResponse[status=500, message=Unexpected Error, contact administration., errors=[]]]
2025-06-05T12:09:11.756-03:00 DEBUG 11908 --- [libraryapi] [main] .m.m.a.ExceptionHandlerExceptionResolver : Resolved [org.springframework.http.converter.HttpMessageNotWritableException: Could not write JSON: (was java.lang.UnsupportedOperationException)]
2025-06-05T12:09:11.761-03:00 DEBUG 11908 --- [libraryapi] [main] s.w.s.m.m.a.RequestMappingHandlerMapping : Mapped to com.matheusluizago.libraryapi.controller.BookController#save(RegisterBookDTO)
2025-06-05T12:09:11.761-03:00 DEBUG 11908 --- [libraryapi] [main] m.m.a.RequestResponseBodyMethodProcessor : Read "application/json;charset=UTF-8" to [RegisterBookDTO[isbn=9783161484100, title=O Hobbit, publishDate=1937-09-21, genre=FANTASY, price=49. (truncated)...]
2025-06-05T12:09:11.764-03:00 DEBUG 11908 --- [libraryapi] [main] o.s.w.s.m.m.a.HttpEntityMethodProcessor  : Using 'application/json', given [*/*] and supported [application/json, application/*+json]
2025-06-05T12:09:11.764-03:00 DEBUG 11908 --- [libraryapi] [main] o.s.w.s.m.m.a.HttpEntityMethodProcessor  : Nothing to write: null body
2025-06-05T12:09:11.770-03:00 DEBUG 11908 --- [libraryapi] [main] s.w.s.m.m.a.RequestMappingHandlerMapping : Mapped to com.matheusluizago.libraryapi.controller.BookController#delete(String)
2025-06-05T12:09:11.771-03:00 DEBUG 11908 --- [libraryapi] [main] o.s.w.s.m.m.a.HttpEntityMethodProcessor  : Using 'application/octet-stream', given [*/*] and supported [*/*]
2025-06-05T12:09:11.777-03:00 DEBUG 11908 --- [libraryapi] [main] s.w.s.m.m.a.RequestMappingHandlerMapping : Mapped to com.matheusluizago.libraryapi.controller.BookController#save(RegisterBookDTO)
2025-06-05T12:09:11.778-03:00 DEBUG 11908 --- [libraryapi] [main] m.m.a.RequestResponseBodyMethodProcessor : Read "application/json;charset=UTF-8" to [RegisterBookDTO[isbn=9783161484100, title=O Hobbit, publishDate=1937-09-21, genre=FANTASY, price=49. (truncated)...]
2025-06-05T12:09:11.780-03:00 DEBUG 11908 --- [libraryapi] [main] .m.m.a.ExceptionHandlerExceptionResolver : Using @ExceptionHandler com.matheusluizago.libraryapi.controller.common.GlobalExceptionHandler#handleDuplicateRegisterException(DuplicateRegisterException)
2025-06-05T12:09:11.781-03:00 DEBUG 11908 --- [libraryapi] [main] m.m.a.RequestResponseBodyMethodProcessor : Using 'application/json', given [*/*] and supported [application/json, application/*+json]
2025-06-05T12:09:11.781-03:00 DEBUG 11908 --- [libraryapi] [main] m.m.a.RequestResponseBodyMethodProcessor : Writing [ErrorResponse[status=409, message=Book already exists, errors=[]]]
2025-06-05T12:09:11.781-03:00 DEBUG 11908 --- [libraryapi] [main] .m.m.a.ExceptionHandlerExceptionResolver : Resolved [com.matheusluizago.libraryapi.exceptions.DuplicateRegisterException: Book already exists]
2025-06-05T12:09:11.788-03:00 DEBUG 11908 --- [libraryapi] [main] s.w.s.m.m.a.RequestMappingHandlerMapping : Mapped to com.matheusluizago.libraryapi.controller.BookController#update(String, RegisterBookDTO)
2025-06-05T12:09:11.788-03:00 DEBUG 11908 --- [libraryapi] [main] m.m.a.RequestResponseBodyMethodProcessor : Read "application/json;charset=UTF-8" to [RegisterBookDTO[isbn=9783161484100, title=O Hobbit, publishDate=1937-09-21, genre=FANTASY, price=49. (truncated)...]
2025-06-05T12:09:11.789-03:00 DEBUG 11908 --- [libraryapi] [main] .m.m.a.ExceptionHandlerExceptionResolver : Using @ExceptionHandler com.matheusluizago.libraryapi.controller.common.GlobalExceptionHandler#handleUnhandledError(RuntimeException)
2025-06-05T12:09:11.789-03:00 DEBUG 11908 --- [libraryapi] [main] m.m.a.RequestResponseBodyMethodProcessor : Using 'application/json', given [*/*] and supported [application/json, application/*+json]
2025-06-05T12:09:11.789-03:00 DEBUG 11908 --- [libraryapi] [main] m.m.a.RequestResponseBodyMethodProcessor : Writing [ErrorResponse[status=500, message=Unexpected Error, contact administration., errors=[]]]
2025-06-05T12:09:11.789-03:00 DEBUG 11908 --- [libraryapi] [main] .m.m.a.ExceptionHandlerExceptionResolver : Resolved [java.lang.NullPointerException: Cannot invoke "com.matheusluizago.libraryapi.model.Book.getAuthor()" because "entityAux" is null]
2025-06-05T12:09:11.795-03:00 DEBUG 11908 --- [libraryapi] [main] s.w.s.m.m.a.RequestMappingHandlerMapping : Mapped to com.matheusluizago.libraryapi.controller.BookController#getDetails(String)
2025-06-05T12:09:11.796-03:00 DEBUG 11908 --- [libraryapi] [main] o.s.w.s.m.m.a.HttpEntityMethodProcessor  : Using 'application/json', given [*/*] and supported [application/json, application/*+json]
2025-06-05T12:09:11.796-03:00 DEBUG 11908 --- [libraryapi] [main] o.s.w.s.m.m.a.HttpEntityMethodProcessor  : Nothing to write: null body
2025-06-05T12:09:11.801-03:00 DEBUG 11908 --- [libraryapi] [SpringApplicationShutdownHook] o.s.w.c.s.GenericWebApplicationContext   : Closing org.springframework.web.context.support.GenericWebApplicationContext@27068a50, started on Thu Jun 05 12:09:06 BRT 2025
2025-06-05T12:11:01.816-03:00 DEBUG 7480 --- [libraryapi] [main] o.s.w.c.s.GenericWebApplicationContext   : Refreshing org.springframework.web.context.support.GenericWebApplicationContext@2301b75
2025-06-05T12:11:06.731-03:00 DEBUG 7480 --- [libraryapi] [main] s.w.s.m.m.a.RequestMappingHandlerMapping : 7 mappings in 'requestMappingHandlerMapping'
2025-06-05T12:11:06.743-03:00 DEBUG 7480 --- [libraryapi] [main] o.s.w.s.handler.SimpleUrlHandlerMapping  : Patterns [/login] in 'viewControllerHandlerMapping'
2025-06-05T12:11:06.904-03:00 DEBUG 7480 --- [libraryapi] [main] s.w.s.m.m.a.RequestMappingHandlerAdapter : ControllerAdvice beans: 0 @ModelAttribute, 0 @InitBinder, 1 RequestBodyAdvice, 1 ResponseBodyAdvice
2025-06-05T12:11:06.963-03:00 DEBUG 7480 --- [libraryapi] [main] .m.m.a.ExceptionHandlerExceptionResolver : ControllerAdvice beans: 1 @ExceptionHandler, 1 ResponseBodyAdvice
2025-06-05T12:12:43.157-03:00 DEBUG 7480 --- [libraryapi] [SpringApplicationShutdownHook] o.s.w.c.s.GenericWebApplicationContext   : Closing org.springframework.web.context.support.GenericWebApplicationContext@2301b75, started on Thu Jun 05 12:11:01 BRT 2025
2025-06-05T12:12:46.683-03:00 DEBUG 18844 --- [libraryapi] [main] o.s.w.c.s.GenericWebApplicationContext   : Refreshing org.springframework.web.context.support.GenericWebApplicationContext@1c12f3ee
2025-06-05T12:12:49.941-03:00 DEBUG 18844 --- [libraryapi] [main] s.w.s.m.m.a.RequestMappingHandlerMapping : 7 mappings in 'requestMappingHandlerMapping'
2025-06-05T12:12:49.948-03:00 DEBUG 18844 --- [libraryapi] [main] o.s.w.s.handler.SimpleUrlHandlerMapping  : Patterns [/login] in 'viewControllerHandlerMapping'
2025-06-05T12:12:50.063-03:00 DEBUG 18844 --- [libraryapi] [main] s.w.s.m.m.a.RequestMappingHandlerAdapter : ControllerAdvice beans: 0 @ModelAttribute, 0 @InitBinder, 1 RequestBodyAdvice, 1 ResponseBodyAdvice
2025-06-05T12:12:50.093-03:00 DEBUG 18844 --- [libraryapi] [main] .m.m.a.ExceptionHandlerExceptionResolver : ControllerAdvice beans: 1 @ExceptionHandler, 1 ResponseBodyAdvice
2025-06-05T12:12:51.073-03:00 DEBUG 18844 --- [libraryapi] [main] s.w.s.m.m.a.RequestMappingHandlerMapping : Mapped to com.matheusluizago.libraryapi.controller.BookController#update(String, RegisterBookDTO)
2025-06-05T12:12:51.132-03:00 DEBUG 18844 --- [libraryapi] [main] m.m.a.RequestResponseBodyMethodProcessor : Read "application/json;charset=UTF-8" to [RegisterBookDTO[isbn=9783161484100, title=O Hobbit, publishDate=1937-09-21, genre=FANTASY, price=49. (truncated)...]
2025-06-05T12:12:51.165-03:00 DEBUG 18844 --- [libraryapi] [main] o.s.w.s.m.m.a.HttpEntityMethodProcessor  : Using 'application/octet-stream', given [*/*] and supported [*/*]
2025-06-05T12:12:51.183-03:00 DEBUG 18844 --- [libraryapi] [SpringApplicationShutdownHook] o.s.w.c.s.GenericWebApplicationContext   : Closing org.springframework.web.context.support.GenericWebApplicationContext@1c12f3ee, started on Thu Jun 05 12:12:46 BRT 2025
2025-06-05T12:13:54.168-03:00 DEBUG 11904 --- [libraryapi] [main] o.s.w.c.s.GenericWebApplicationContext   : Refreshing org.springframework.web.context.support.GenericWebApplicationContext@1c12f3ee
2025-06-05T12:13:57.422-03:00 DEBUG 11904 --- [libraryapi] [main] s.w.s.m.m.a.RequestMappingHandlerMapping : 7 mappings in 'requestMappingHandlerMapping'
2025-06-05T12:13:57.431-03:00 DEBUG 11904 --- [libraryapi] [main] o.s.w.s.handler.SimpleUrlHandlerMapping  : Patterns [/login] in 'viewControllerHandlerMapping'
2025-06-05T12:13:57.551-03:00 DEBUG 11904 --- [libraryapi] [main] s.w.s.m.m.a.RequestMappingHandlerAdapter : ControllerAdvice beans: 0 @ModelAttribute, 0 @InitBinder, 1 RequestBodyAdvice, 1 ResponseBodyAdvice
2025-06-05T12:13:57.579-03:00 DEBUG 11904 --- [libraryapi] [main] .m.m.a.ExceptionHandlerExceptionResolver : ControllerAdvice beans: 1 @ExceptionHandler, 1 ResponseBodyAdvice
2025-06-05T12:13:58.594-03:00 DEBUG 11904 --- [libraryapi] [main] s.w.s.m.m.a.RequestMappingHandlerMapping : Mapped to com.matheusluizago.libraryapi.controller.BookController#search(String, String, String, BookGenre, Integer, Integer, Integer)
2025-06-05T12:13:58.651-03:00 DEBUG 11904 --- [libraryapi] [main] o.s.w.s.m.m.a.HttpEntityMethodProcessor  : Using 'application/json', given [*/*] and supported [application/json, application/*+json]
2025-06-05T12:13:58.652-03:00 DEBUG 11904 --- [libraryapi] [main] o.s.w.s.m.m.a.HttpEntityMethodProcessor  : Writing [Page 1 of 1 containing UNKNOWN instances]
2025-06-05T12:13:58.672-03:00 DEBUG 11904 --- [libraryapi] [main] .m.m.a.ExceptionHandlerExceptionResolver : Using @ExceptionHandler com.matheusluizago.libraryapi.controller.common.GlobalExceptionHandler#handleUnhandledError(RuntimeException)
2025-06-05T12:13:58.673-03:00 DEBUG 11904 --- [libraryapi] [main] m.m.a.RequestResponseBodyMethodProcessor : Found 'Content-Type:application/json' in response
2025-06-05T12:13:58.679-03:00 DEBUG 11904 --- [libraryapi] [main] m.m.a.RequestResponseBodyMethodProcessor : Writing [ErrorResponse[status=500, message=Unexpected Error, contact administration., errors=[]]]
2025-06-05T12:13:58.681-03:00 DEBUG 11904 --- [libraryapi] [main] .m.m.a.ExceptionHandlerExceptionResolver : Resolved [org.springframework.http.converter.HttpMessageNotWritableException: Could not write JSON: (was java.lang.UnsupportedOperationException)]
2025-06-05T12:13:58.711-03:00 DEBUG 11904 --- [libraryapi] [SpringApplicationShutdownHook] o.s.w.c.s.GenericWebApplicationContext   : Closing org.springframework.web.context.support.GenericWebApplicationContext@1c12f3ee, started on Thu Jun 05 12:13:54 BRT 2025
2025-06-05T12:16:59.837-03:00 DEBUG 2596 --- [libraryapi] [main] o.s.w.c.s.GenericWebApplicationContext   : Refreshing org.springframework.web.context.support.GenericWebApplicationContext@1c12f3ee
2025-06-05T12:17:03.100-03:00 DEBUG 2596 --- [libraryapi] [main] s.w.s.m.m.a.RequestMappingHandlerMapping : 7 mappings in 'requestMappingHandlerMapping'
2025-06-05T12:17:03.109-03:00 DEBUG 2596 --- [libraryapi] [main] o.s.w.s.handler.SimpleUrlHandlerMapping  : Patterns [/login] in 'viewControllerHandlerMapping'
2025-06-05T12:17:03.228-03:00 DEBUG 2596 --- [libraryapi] [main] s.w.s.m.m.a.RequestMappingHandlerAdapter : ControllerAdvice beans: 0 @ModelAttribute, 0 @InitBinder, 1 RequestBodyAdvice, 1 ResponseBodyAdvice
2025-06-05T12:17:03.259-03:00 DEBUG 2596 --- [libraryapi] [main] .m.m.a.ExceptionHandlerExceptionResolver : ControllerAdvice beans: 1 @ExceptionHandler, 1 ResponseBodyAdvice
2025-06-05T12:17:04.215-03:00 DEBUG 2596 --- [libraryapi] [main] s.w.s.m.m.a.RequestMappingHandlerMapping : Mapped to com.matheusluizago.libraryapi.controller.BookController#search(String, String, String, BookGenre, Integer, Integer, Integer)
2025-06-05T12:17:04.263-03:00 DEBUG 2596 --- [libraryapi] [main] o.s.w.s.m.m.a.HttpEntityMethodProcessor  : Using 'application/json', given [*/*] and supported [application/json, application/*+json]
2025-06-05T12:17:04.264-03:00 DEBUG 2596 --- [libraryapi] [main] o.s.w.s.m.m.a.HttpEntityMethodProcessor  : Writing [Page 1 of 1 containing UNKNOWN instances]
2025-06-05T12:17:04.282-03:00 DEBUG 2596 --- [libraryapi] [main] .m.m.a.ExceptionHandlerExceptionResolver : Using @ExceptionHandler com.matheusluizago.libraryapi.controller.common.GlobalExceptionHandler#handleUnhandledError(RuntimeException)
2025-06-05T12:17:04.283-03:00 DEBUG 2596 --- [libraryapi] [main] m.m.a.RequestResponseBodyMethodProcessor : Found 'Content-Type:application/json' in response
2025-06-05T12:17:04.288-03:00 DEBUG 2596 --- [libraryapi] [main] m.m.a.RequestResponseBodyMethodProcessor : Writing [ErrorResponse[status=500, message=Unexpected Error, contact administration., errors=[]]]
2025-06-05T12:17:04.291-03:00 DEBUG 2596 --- [libraryapi] [main] .m.m.a.ExceptionHandlerExceptionResolver : Resolved [org.springframework.http.converter.HttpMessageNotWritableException: Could not write JSON: (was java.lang.UnsupportedOperationException)]
2025-06-05T12:17:04.315-03:00 DEBUG 2596 --- [libraryapi] [SpringApplicationShutdownHook] o.s.w.c.s.GenericWebApplicationContext   : Closing org.springframework.web.context.support.GenericWebApplicationContext@1c12f3ee, started on Thu Jun 05 12:16:59 BRT 2025
2025-06-05T12:17:53.421-03:00 DEBUG 3724 --- [libraryapi] [main] o.s.w.c.s.GenericWebApplicationContext   : Refreshing org.springframework.web.context.support.GenericWebApplicationContext@1c12f3ee
2025-06-05T12:17:56.649-03:00 DEBUG 3724 --- [libraryapi] [main] s.w.s.m.m.a.RequestMappingHandlerMapping : 7 mappings in 'requestMappingHandlerMapping'
2025-06-05T12:17:56.658-03:00 DEBUG 3724 --- [libraryapi] [main] o.s.w.s.handler.SimpleUrlHandlerMapping  : Patterns [/login] in 'viewControllerHandlerMapping'
2025-06-05T12:17:56.772-03:00 DEBUG 3724 --- [libraryapi] [main] s.w.s.m.m.a.RequestMappingHandlerAdapter : ControllerAdvice beans: 0 @ModelAttribute, 0 @InitBinder, 1 RequestBodyAdvice, 1 ResponseBodyAdvice
2025-06-05T12:17:56.801-03:00 DEBUG 3724 --- [libraryapi] [main] .m.m.a.ExceptionHandlerExceptionResolver : ControllerAdvice beans: 1 @ExceptionHandler, 1 ResponseBodyAdvice
2025-06-05T12:17:57.759-03:00 DEBUG 3724 --- [libraryapi] [main] s.w.s.m.m.a.RequestMappingHandlerMapping : Mapped to com.matheusluizago.libraryapi.controller.BookController#search(String, String, String, BookGenre, Integer, Integer, Integer)
2025-06-05T12:17:57.807-03:00 DEBUG 3724 --- [libraryapi] [main] o.s.w.s.m.m.a.HttpEntityMethodProcessor  : Using 'application/json', given [*/*] and supported [application/json, application/*+json]
2025-06-05T12:17:57.808-03:00 DEBUG 3724 --- [libraryapi] [main] o.s.w.s.m.m.a.HttpEntityMethodProcessor  : Writing [Page 1 of 1 containing UNKNOWN instances]
2025-06-05T12:17:57.822-03:00 DEBUG 3724 --- [libraryapi] [main] .m.m.a.ExceptionHandlerExceptionResolver : Using @ExceptionHandler com.matheusluizago.libraryapi.controller.common.GlobalExceptionHandler#handleUnhandledError(RuntimeException)
2025-06-05T12:17:57.823-03:00 DEBUG 3724 --- [libraryapi] [main] m.m.a.RequestResponseBodyMethodProcessor : Found 'Content-Type:application/json' in response
2025-06-05T12:17:57.827-03:00 DEBUG 3724 --- [libraryapi] [main] m.m.a.RequestResponseBodyMethodProcessor : Writing [ErrorResponse[status=500, message=Unexpected Error, contact administration., errors=[]]]
2025-06-05T12:17:57.830-03:00 DEBUG 3724 --- [libraryapi] [main] .m.m.a.ExceptionHandlerExceptionResolver : Resolved [org.springframework.http.converter.HttpMessageNotWritableException: Could not write JSON: (was java.lang.UnsupportedOperationException)]
2025-06-05T12:17:57.854-03:00 DEBUG 3724 --- [libraryapi] [SpringApplicationShutdownHook] o.s.w.c.s.GenericWebApplicationContext   : Closing org.springframework.web.context.support.GenericWebApplicationContext@1c12f3ee, started on Thu Jun 05 12:17:53 BRT 2025
2025-06-05T12:19:48.477-03:00 DEBUG 5920 --- [libraryapi] [main] o.s.w.c.s.GenericWebApplicationContext   : Refreshing org.springframework.web.context.support.GenericWebApplicationContext@1c12f3ee
2025-06-05T12:19:51.771-03:00 DEBUG 5920 --- [libraryapi] [main] s.w.s.m.m.a.RequestMappingHandlerMapping : 7 mappings in 'requestMappingHandlerMapping'
2025-06-05T12:19:51.779-03:00 DEBUG 5920 --- [libraryapi] [main] o.s.w.s.handler.SimpleUrlHandlerMapping  : Patterns [/login] in 'viewControllerHandlerMapping'
2025-06-05T12:19:51.893-03:00 DEBUG 5920 --- [libraryapi] [main] s.w.s.m.m.a.RequestMappingHandlerAdapter : ControllerAdvice beans: 0 @ModelAttribute, 0 @InitBinder, 1 RequestBodyAdvice, 1 ResponseBodyAdvice
2025-06-05T12:19:51.925-03:00 DEBUG 5920 --- [libraryapi] [main] .m.m.a.ExceptionHandlerExceptionResolver : ControllerAdvice beans: 1 @ExceptionHandler, 1 ResponseBodyAdvice
2025-06-05T12:19:52.911-03:00 DEBUG 5920 --- [libraryapi] [main] s.w.s.m.m.a.RequestMappingHandlerMapping : Mapped to com.matheusluizago.libraryapi.controller.BookController#search(String, String, String, BookGenre, Integer, Integer, Integer)
2025-06-05T12:19:52.967-03:00 DEBUG 5920 --- [libraryapi] [main] o.s.w.s.m.m.a.HttpEntityMethodProcessor  : Using 'application/json', given [*/*] and supported [application/json, application/*+json]
2025-06-05T12:19:52.968-03:00 DEBUG 5920 --- [libraryapi] [main] o.s.w.s.m.m.a.HttpEntityMethodProcessor  : Writing [Page 1 of 1 containing UNKNOWN instances]
2025-06-05T12:19:52.990-03:00 DEBUG 5920 --- [libraryapi] [main] .m.m.a.ExceptionHandlerExceptionResolver : Using @ExceptionHandler com.matheusluizago.libraryapi.controller.common.GlobalExceptionHandler#handleUnhandledError(RuntimeException)
2025-06-05T12:19:52.991-03:00 DEBUG 5920 --- [libraryapi] [main] m.m.a.RequestResponseBodyMethodProcessor : Found 'Content-Type:application/json' in response
2025-06-05T12:19:52.996-03:00 DEBUG 5920 --- [libraryapi] [main] m.m.a.RequestResponseBodyMethodProcessor : Writing [ErrorResponse[status=500, message=Unexpected Error, contact administration., errors=[]]]
2025-06-05T12:19:52.998-03:00 DEBUG 5920 --- [libraryapi] [main] .m.m.a.ExceptionHandlerExceptionResolver : Resolved [org.springframework.http.converter.HttpMessageNotWritableException: Could not write JSON: (was java.lang.UnsupportedOperationException)]
2025-06-05T12:19:53.031-03:00 DEBUG 5920 --- [libraryapi] [SpringApplicationShutdownHook] o.s.w.c.s.GenericWebApplicationContext   : Closing org.springframework.web.context.support.GenericWebApplicationContext@1c12f3ee, started on Thu Jun 05 12:19:48 BRT 2025
2025-06-05T12:24:29.994-03:00 DEBUG 11324 --- [libraryapi] [main] o.s.w.c.s.GenericWebApplicationContext   : Refreshing org.springframework.web.context.support.GenericWebApplicationContext@1c12f3ee
2025-06-05T12:24:33.268-03:00 DEBUG 11324 --- [libraryapi] [main] s.w.s.m.m.a.RequestMappingHandlerMapping : 7 mappings in 'requestMappingHandlerMapping'
2025-06-05T12:24:33.277-03:00 DEBUG 11324 --- [libraryapi] [main] o.s.w.s.handler.SimpleUrlHandlerMapping  : Patterns [/login] in 'viewControllerHandlerMapping'
2025-06-05T12:24:33.398-03:00 DEBUG 11324 --- [libraryapi] [main] s.w.s.m.m.a.RequestMappingHandlerAdapter : ControllerAdvice beans: 0 @ModelAttribute, 0 @InitBinder, 1 RequestBodyAdvice, 1 ResponseBodyAdvice
2025-06-05T12:24:33.433-03:00 DEBUG 11324 --- [libraryapi] [main] .m.m.a.ExceptionHandlerExceptionResolver : ControllerAdvice beans: 1 @ExceptionHandler, 1 ResponseBodyAdvice
2025-06-05T12:24:34.392-03:00 DEBUG 11324 --- [libraryapi] [main] s.w.s.m.m.a.RequestMappingHandlerMapping : Mapped to com.matheusluizago.libraryapi.controller.BookController#search(String, String, String, BookGenre, Integer, Integer, Integer)
2025-06-05T12:24:34.445-03:00 DEBUG 11324 --- [libraryapi] [main] o.s.w.s.m.m.a.HttpEntityMethodProcessor  : Using 'application/json', given [*/*] and supported [application/json, application/*+json]
2025-06-05T12:24:34.446-03:00 DEBUG 11324 --- [libraryapi] [main] o.s.w.s.m.m.a.HttpEntityMethodProcessor  : Writing [Page 1 of 1 containing UNKNOWN instances]
2025-06-05T12:24:34.464-03:00 DEBUG 11324 --- [libraryapi] [main] .m.m.a.ExceptionHandlerExceptionResolver : Using @ExceptionHandler com.matheusluizago.libraryapi.controller.common.GlobalExceptionHandler#handleUnhandledError(RuntimeException)
2025-06-05T12:24:34.465-03:00 DEBUG 11324 --- [libraryapi] [main] m.m.a.RequestResponseBodyMethodProcessor : Found 'Content-Type:application/json' in response
2025-06-05T12:24:34.470-03:00 DEBUG 11324 --- [libraryapi] [main] m.m.a.RequestResponseBodyMethodProcessor : Writing [ErrorResponse[status=500, message=Unexpected Error, contact administration., errors=[]]]
2025-06-05T12:24:34.473-03:00 DEBUG 11324 --- [libraryapi] [main] .m.m.a.ExceptionHandlerExceptionResolver : Resolved [org.springframework.http.converter.HttpMessageNotWritableException: Could not write JSON: (was java.lang.UnsupportedOperationException)]
2025-06-05T12:24:34.500-03:00 DEBUG 11324 --- [libraryapi] [SpringApplicationShutdownHook] o.s.w.c.s.GenericWebApplicationContext   : Closing org.springframework.web.context.support.GenericWebApplicationContext@1c12f3ee, started on Thu Jun 05 12:24:29 BRT 2025
2025-06-05T12:28:52.140-03:00 DEBUG 18752 --- [libraryapi] [main] o.s.w.c.s.GenericWebApplicationContext   : Refreshing org.springframework.web.context.support.GenericWebApplicationContext@1c12f3ee
2025-06-05T12:28:55.398-03:00 DEBUG 18752 --- [libraryapi] [main] s.w.s.m.m.a.RequestMappingHandlerMapping : 7 mappings in 'requestMappingHandlerMapping'
2025-06-05T12:28:55.408-03:00 DEBUG 18752 --- [libraryapi] [main] o.s.w.s.handler.SimpleUrlHandlerMapping  : Patterns [/login] in 'viewControllerHandlerMapping'
2025-06-05T12:28:55.524-03:00 DEBUG 18752 --- [libraryapi] [main] s.w.s.m.m.a.RequestMappingHandlerAdapter : ControllerAdvice beans: 0 @ModelAttribute, 0 @InitBinder, 1 RequestBodyAdvice, 1 ResponseBodyAdvice
2025-06-05T12:28:55.555-03:00 DEBUG 18752 --- [libraryapi] [main] .m.m.a.ExceptionHandlerExceptionResolver : ControllerAdvice beans: 1 @ExceptionHandler, 1 ResponseBodyAdvice
2025-06-05T12:28:56.537-03:00 DEBUG 18752 --- [libraryapi] [main] s.w.s.m.m.a.RequestMappingHandlerMapping : Mapped to com.matheusluizago.libraryapi.controller.BookController#search(String, String, String, BookGenre, Integer, Integer, Integer)
2025-06-05T12:28:56.591-03:00 DEBUG 18752 --- [libraryapi] [main] o.s.w.s.m.m.a.HttpEntityMethodProcessor  : Using 'application/json', given [*/*] and supported [application/json, application/*+json]
2025-06-05T12:28:56.592-03:00 DEBUG 18752 --- [libraryapi] [main] o.s.w.s.m.m.a.HttpEntityMethodProcessor  : Writing [Page 1 of 1 containing UNKNOWN instances]
2025-06-05T12:28:56.608-03:00 DEBUG 18752 --- [libraryapi] [main] .m.m.a.ExceptionHandlerExceptionResolver : Using @ExceptionHandler com.matheusluizago.libraryapi.controller.common.GlobalExceptionHandler#handleUnhandledError(RuntimeException)
2025-06-05T12:28:56.608-03:00 DEBUG 18752 --- [libraryapi] [main] m.m.a.RequestResponseBodyMethodProcessor : Found 'Content-Type:application/json' in response
2025-06-05T12:28:56.613-03:00 DEBUG 18752 --- [libraryapi] [main] m.m.a.RequestResponseBodyMethodProcessor : Writing [ErrorResponse[status=500, message=Unexpected Error, contact administration., errors=[]]]
2025-06-05T12:28:56.616-03:00 DEBUG 18752 --- [libraryapi] [main] .m.m.a.ExceptionHandlerExceptionResolver : Resolved [org.springframework.http.converter.HttpMessageNotWritableException: Could not write JSON: (was java.lang.UnsupportedOperationException)]
2025-06-05T12:28:56.663-03:00 DEBUG 18752 --- [libraryapi] [SpringApplicationShutdownHook] o.s.w.c.s.GenericWebApplicationContext   : Closing org.springframework.web.context.support.GenericWebApplicationContext@1c12f3ee, started on Thu Jun 05 12:28:52 BRT 2025
2025-06-05T12:31:05.828-03:00 DEBUG 8212 --- [libraryapi] [main] o.s.w.c.s.GenericWebApplicationContext   : Refreshing org.springframework.web.context.support.GenericWebApplicationContext@1c12f3ee
2025-06-05T12:31:09.115-03:00 DEBUG 8212 --- [libraryapi] [main] s.w.s.m.m.a.RequestMappingHandlerMapping : 7 mappings in 'requestMappingHandlerMapping'
2025-06-05T12:31:09.124-03:00 DEBUG 8212 --- [libraryapi] [main] o.s.w.s.handler.SimpleUrlHandlerMapping  : Patterns [/login] in 'viewControllerHandlerMapping'
2025-06-05T12:31:09.238-03:00 DEBUG 8212 --- [libraryapi] [main] s.w.s.m.m.a.RequestMappingHandlerAdapter : ControllerAdvice beans: 0 @ModelAttribute, 0 @InitBinder, 1 RequestBodyAdvice, 1 ResponseBodyAdvice
2025-06-05T12:31:09.271-03:00 DEBUG 8212 --- [libraryapi] [main] .m.m.a.ExceptionHandlerExceptionResolver : ControllerAdvice beans: 1 @ExceptionHandler, 1 ResponseBodyAdvice
2025-06-05T12:31:10.237-03:00 DEBUG 8212 --- [libraryapi] [main] s.w.s.m.m.a.RequestMappingHandlerMapping : Mapped to com.matheusluizago.libraryapi.controller.BookController#search(String, String, String, BookGenre, Integer, Integer, Integer)
2025-06-05T12:31:10.291-03:00 DEBUG 8212 --- [libraryapi] [main] o.s.w.s.m.m.a.HttpEntityMethodProcessor  : Using 'application/json', given [*/*] and supported [application/json, application/*+json]
2025-06-05T12:31:10.293-03:00 DEBUG 8212 --- [libraryapi] [main] o.s.w.s.m.m.a.HttpEntityMethodProcessor  : Writing [Page 1 of 1 containing UNKNOWN instances]
2025-06-05T12:31:10.307-03:00 DEBUG 8212 --- [libraryapi] [main] .m.m.a.ExceptionHandlerExceptionResolver : Using @ExceptionHandler com.matheusluizago.libraryapi.controller.common.GlobalExceptionHandler#handleUnhandledError(RuntimeException)
2025-06-05T12:31:10.308-03:00 DEBUG 8212 --- [libraryapi] [main] m.m.a.RequestResponseBodyMethodProcessor : Found 'Content-Type:application/json' in response
2025-06-05T12:31:10.312-03:00 DEBUG 8212 --- [libraryapi] [main] m.m.a.RequestResponseBodyMethodProcessor : Writing [ErrorResponse[status=500, message=Unexpected Error, contact administration., errors=[]]]
2025-06-05T12:31:10.315-03:00 DEBUG 8212 --- [libraryapi] [main] .m.m.a.ExceptionHandlerExceptionResolver : Resolved [org.springframework.http.converter.HttpMessageNotWritableException: Could not write JSON: (was java.lang.UnsupportedOperationException)]
2025-06-05T12:31:10.341-03:00 DEBUG 8212 --- [libraryapi] [SpringApplicationShutdownHook] o.s.w.c.s.GenericWebApplicationContext   : Closing org.springframework.web.context.support.GenericWebApplicationContext@1c12f3ee, started on Thu Jun 05 12:31:05 BRT 2025
2025-06-05T12:31:21.752-03:00 DEBUG 16252 --- [libraryapi] [main] o.s.w.c.s.GenericWebApplicationContext   : Refreshing org.springframework.web.context.support.GenericWebApplicationContext@1c12f3ee
2025-06-05T12:31:25.012-03:00 DEBUG 16252 --- [libraryapi] [main] s.w.s.m.m.a.RequestMappingHandlerMapping : 7 mappings in 'requestMappingHandlerMapping'
2025-06-05T12:31:25.021-03:00 DEBUG 16252 --- [libraryapi] [main] o.s.w.s.handler.SimpleUrlHandlerMapping  : Patterns [/login] in 'viewControllerHandlerMapping'
2025-06-05T12:31:25.138-03:00 DEBUG 16252 --- [libraryapi] [main] s.w.s.m.m.a.RequestMappingHandlerAdapter : ControllerAdvice beans: 0 @ModelAttribute, 0 @InitBinder, 1 RequestBodyAdvice, 1 ResponseBodyAdvice
2025-06-05T12:31:25.167-03:00 DEBUG 16252 --- [libraryapi] [main] .m.m.a.ExceptionHandlerExceptionResolver : ControllerAdvice beans: 1 @ExceptionHandler, 1 ResponseBodyAdvice
2025-06-05T12:31:26.137-03:00 DEBUG 16252 --- [libraryapi] [main] s.w.s.m.m.a.RequestMappingHandlerMapping : Mapped to com.matheusluizago.libraryapi.controller.BookController#search(String, String, String, BookGenre, Integer, Integer, Integer)
2025-06-05T12:31:26.186-03:00 DEBUG 16252 --- [libraryapi] [main] o.s.w.s.m.m.a.HttpEntityMethodProcessor  : Using 'application/json', given [*/*] and supported [application/json, application/*+json]
2025-06-05T12:31:26.187-03:00 DEBUG 16252 --- [libraryapi] [main] o.s.w.s.m.m.a.HttpEntityMethodProcessor  : Writing [Page 1 of 1 containing UNKNOWN instances]
2025-06-05T12:31:26.202-03:00 DEBUG 16252 --- [libraryapi] [main] .m.m.a.ExceptionHandlerExceptionResolver : Using @ExceptionHandler com.matheusluizago.libraryapi.controller.common.GlobalExceptionHandler#handleUnhandledError(RuntimeException)
2025-06-05T12:31:26.203-03:00 DEBUG 16252 --- [libraryapi] [main] m.m.a.RequestResponseBodyMethodProcessor : Found 'Content-Type:application/json' in response
2025-06-05T12:31:26.208-03:00 DEBUG 16252 --- [libraryapi] [main] m.m.a.RequestResponseBodyMethodProcessor : Writing [ErrorResponse[status=500, message=Unexpected Error, contact administration., errors=[]]]
2025-06-05T12:31:26.211-03:00 DEBUG 16252 --- [libraryapi] [main] .m.m.a.ExceptionHandlerExceptionResolver : Resolved [org.springframework.http.converter.HttpMessageNotWritableException: Could not write JSON: (was java.lang.UnsupportedOperationException)]
2025-06-05T12:31:26.259-03:00 DEBUG 16252 --- [libraryapi] [SpringApplicationShutdownHook] o.s.w.c.s.GenericWebApplicationContext   : Closing org.springframework.web.context.support.GenericWebApplicationContext@1c12f3ee, started on Thu Jun 05 12:31:21 BRT 2025
