2025-05-29T16:59:07.445-03:00  INFO 27792 --- [libraryapi] [main] c.matheusluizago.libraryapi.Application  : Starting Application using Java 21.0.4 with PID 27792 (C:\Users\USER\Documents\Cursos\Spring Boot Expert\libraryapi\target\classes started by USER in C:\Users\USER\Documents\Cursos\Spring Boot Expert\libraryapi\src\main\java\com\matheusluizago\libraryapi)
2025-05-29T16:59:07.447-03:00  INFO 27792 --- [libraryapi] [main] c.matheusluizago.libraryapi.Application  : No active profile set, falling back to 1 default profile: "default"
2025-05-29T16:59:08.299-03:00  INFO 27792 --- [libraryapi] [main] .s.d.r.c.RepositoryConfigurationDelegate : Bootstrapping Spring Data JPA repositories in DEFAULT mode.
2025-05-29T16:59:08.364-03:00  INFO 27792 --- [libraryapi] [main] .s.d.r.c.RepositoryConfigurationDelegate : Finished Spring Data repository scanning in 58 ms. Found 4 JPA repository interfaces.
2025-05-29T16:59:09.033-03:00  INFO 27792 --- [libraryapi] [main] o.s.b.w.embedded.tomcat.TomcatWebServer  : Tomcat initialized with port 8080 (http)
2025-05-29T16:59:09.057-03:00  INFO 27792 --- [libraryapi] [main] o.apache.catalina.core.StandardService   : Starting service [Tomcat]
2025-05-29T16:59:09.057-03:00  INFO 27792 --- [libraryapi] [main] o.apache.catalina.core.StandardEngine    : Starting Servlet engine: [Apache Tomcat/10.1.30]
2025-05-29T16:59:09.126-03:00  INFO 27792 --- [libraryapi] [main] o.a.c.c.C.[Tomcat].[localhost].[/]       : Initializing Spring embedded WebApplicationContext
2025-05-29T16:59:09.127-03:00  INFO 27792 --- [libraryapi] [main] w.s.c.ServletWebServerApplicationContext : Root WebApplicationContext: initialization completed in 1630 ms
2025-05-29T16:59:09.166-03:00  WARN 27792 --- [libraryapi] [main] com.zaxxer.hikari.HikariConfig           : library-db-pool - idleTimeout is close to or more than maxLifetime, disabling it.
2025-05-29T16:59:09.174-03:00  INFO 27792 --- [libraryapi] [main] com.zaxxer.hikari.HikariDataSource       : library-db-pool - Starting...
2025-05-29T16:59:09.320-03:00  INFO 27792 --- [libraryapi] [main] com.zaxxer.hikari.pool.HikariPool        : library-db-pool - Added connection org.postgresql.jdbc.PgConnection@23648d2d
2025-05-29T16:59:09.322-03:00  INFO 27792 --- [libraryapi] [main] com.zaxxer.hikari.HikariDataSource       : library-db-pool - Start completed.
2025-05-29T16:59:09.400-03:00  INFO 27792 --- [libraryapi] [main] o.hibernate.jpa.internal.util.LogHelper  : HHH000204: Processing PersistenceUnitInfo [name: default]
2025-05-29T16:59:09.461-03:00  INFO 27792 --- [libraryapi] [main] org.hibernate.Version                    : HHH000412: Hibernate ORM core version 6.5.3.Final
2025-05-29T16:59:09.490-03:00  INFO 27792 --- [libraryapi] [main] o.h.c.internal.RegionFactoryInitiator    : HHH000026: Second-level cache disabled
2025-05-29T16:59:09.833-03:00  INFO 27792 --- [libraryapi] [main] o.s.o.j.p.SpringPersistenceUnitInfo      : No LoadTimeWeaver setup: ignoring JPA class transformer
2025-05-29T16:59:10.586-03:00  INFO 27792 --- [libraryapi] [main] o.h.e.t.j.p.i.JtaPlatformInitiator       : HHH000489: No JTA platform available (set 'hibernate.transaction.jta.platform' to enable JTA platform integration)
2025-05-29T16:59:10.587-03:00  INFO 27792 --- [libraryapi] [main] j.LocalContainerEntityManagerFactoryBean : Initialized JPA EntityManagerFactory for persistence unit 'default'
2025-05-29T16:59:10.899-03:00  INFO 27792 --- [libraryapi] [main] o.s.d.j.r.query.QueryEnhancerFactory     : Hibernate is in classpath; If applicable, HQL parser will be used.
2025-05-29T16:59:11.484-03:00  WARN 27792 --- [libraryapi] [main] JpaBaseConfiguration$JpaWebConfiguration : spring.jpa.open-in-view is enabled by default. Therefore, database queries may be performed during view rendering. Explicitly configure spring.jpa.open-in-view to disable this warning
2025-05-29T16:59:11.498-03:00  INFO 27792 --- [libraryapi] [main] eAuthenticationProviderManagerConfigurer : Global AuthenticationManager configured with AuthenticationProvider bean with name customAuthenticationProvider
2025-05-29T16:59:12.258-03:00  WARN 27792 --- [libraryapi] [main] o.s.s.c.a.web.builders.WebSecurity       : You are asking Spring Security to ignore Deferred [Mvc [pattern='/v2/api-docs/**'], Ant [pattern='/v2/api-docs/**']]. This is not recommended -- please use permitAll via HttpSecurity#authorizeHttpRequests instead.
2025-05-29T16:59:12.259-03:00  WARN 27792 --- [libraryapi] [main] o.s.s.c.a.web.builders.WebSecurity       : You are asking Spring Security to ignore Deferred [Mvc [pattern='/v3/api-docs/**'], Ant [pattern='/v3/api-docs/**']]. This is not recommended -- please use permitAll via HttpSecurity#authorizeHttpRequests instead.
2025-05-29T16:59:12.259-03:00  WARN 27792 --- [libraryapi] [main] o.s.s.c.a.web.builders.WebSecurity       : You are asking Spring Security to ignore Deferred [Mvc [pattern='/swagger-resources/**'], Ant [pattern='/swagger-resources/**']]. This is not recommended -- please use permitAll via HttpSecurity#authorizeHttpRequests instead.
2025-05-29T16:59:12.259-03:00  WARN 27792 --- [libraryapi] [main] o.s.s.c.a.web.builders.WebSecurity       : You are asking Spring Security to ignore Deferred [Mvc [pattern='/swagger-ui.html'], Ant [pattern='/swagger-ui.html']]. This is not recommended -- please use permitAll via HttpSecurity#authorizeHttpRequests instead.
2025-05-29T16:59:12.259-03:00  WARN 27792 --- [libraryapi] [main] o.s.s.c.a.web.builders.WebSecurity       : You are asking Spring Security to ignore Deferred [Mvc [pattern='/swagger-ui/**'], Ant [pattern='/swagger-ui/**']]. This is not recommended -- please use permitAll via HttpSecurity#authorizeHttpRequests instead.
2025-05-29T16:59:12.259-03:00  WARN 27792 --- [libraryapi] [main] o.s.s.c.a.web.builders.WebSecurity       : You are asking Spring Security to ignore Deferred [Mvc [pattern='/webjars/**'], Ant [pattern='/webjars/**']]. This is not recommended -- please use permitAll via HttpSecurity#authorizeHttpRequests instead.
2025-05-29T16:59:12.586-03:00  INFO 27792 --- [libraryapi] [main] o.s.b.w.embedded.tomcat.TomcatWebServer  : Tomcat started on port 8080 (http) with context path '/'
2025-05-29T16:59:12.593-03:00  INFO 27792 --- [libraryapi] [main] c.matheusluizago.libraryapi.Application  : Started Application in 5.561 seconds (process running for 5.923)
2025-05-29T17:00:07.974-03:00  INFO 27792 --- [libraryapi] [SpringApplicationShutdownHook] j.LocalContainerEntityManagerFactoryBean : Closing JPA EntityManagerFactory for persistence unit 'default'
2025-05-29T17:00:07.975-03:00  INFO 27792 --- [libraryapi] [SpringApplicationShutdownHook] com.zaxxer.hikari.HikariDataSource       : library-db-pool - Shutdown initiated...
2025-05-29T17:00:07.977-03:00  INFO 27792 --- [libraryapi] [SpringApplicationShutdownHook] com.zaxxer.hikari.HikariDataSource       : library-db-pool - Shutdown completed.
2025-05-29T17:22:32.381-03:00  WARN 14860 --- [libraryapi] [main] com.zaxxer.hikari.HikariConfig           : library-db-pool - idleTimeout is close to or more than maxLifetime, disabling it.
2025-05-29T17:22:34.768-03:00  WARN 14860 --- [libraryapi] [main] JpaBaseConfiguration$JpaWebConfiguration : spring.jpa.open-in-view is enabled by default. Therefore, database queries may be performed during view rendering. Explicitly configure spring.jpa.open-in-view to disable this warning
2025-05-29T17:22:34.778-03:00 TRACE 14860 --- [libraryapi] [main] eGlobalAuthenticationAutowiredConfigurer : Eagerly initializing {authorizationServerConfiguration=com.matheusluizago.libraryapi.config.AuthorizationServerConfiguration$$SpringCGLIB$$0@4fcb796f, securityConfiguration=com.matheusluizago.libraryapi.config.SecurityConfiguration$$SpringCGLIB$$0@367653cc}
2025-05-29T17:22:34.780-03:00  INFO 14860 --- [libraryapi] [main] eAuthenticationProviderManagerConfigurer : Global AuthenticationManager configured with AuthenticationProvider bean with name customAuthenticationProvider
2025-05-29T17:22:34.905-03:00 DEBUG 14860 --- [libraryapi] [main] s.w.s.m.m.a.RequestMappingHandlerMapping : 21 mappings in 'requestMappingHandlerMapping'
2025-05-29T17:22:34.929-03:00 DEBUG 14860 --- [libraryapi] [main] o.s.w.s.handler.SimpleUrlHandlerMapping  : Patterns [/login] in 'viewControllerHandlerMapping'
2025-05-29T17:22:34.961-03:00 DEBUG 14860 --- [libraryapi] [main] o.s.w.s.handler.SimpleUrlHandlerMapping  : Patterns [/swagger-ui*/*swagger-initializer.js, /swagger-ui*/**] in 'resourceHandlerMapping'
2025-05-29T17:22:35.490-03:00 DEBUG 14860 --- [libraryapi] [main] o.s.s.web.DefaultSecurityFilterChain     : Will secure org.springframework.security.oauth2.server.authorization.config.annotation.web.configurers.OAuth2AuthorizationServerConfigurer$$Lambda/0x000002564ea944d0@339de67e with filters: DisableEncodeUrlFilter, WebAsyncManagerIntegrationFilter, SecurityContextHolderFilter, AuthorizationServerContextFilter, HeaderWriterFilter, CsrfFilter, OidcLogoutEndpointFilter, LogoutFilter, OAuth2AuthorizationServerMetadataEndpointFilter, OAuth2AuthorizationEndpointFilter, OAuth2DeviceVerificationEndpointFilter, OidcProviderConfigurationEndpointFilter, NimbusJwkSetEndpointFilter, OAuth2ClientAuthenticationFilter, UsernamePasswordAuthenticationFilter, BearerTokenAuthenticationFilter, RequestCacheAwareFilter, SecurityContextHolderAwareRequestFilter, AnonymousAuthenticationFilter, ExceptionTranslationFilter, AuthorizationFilter, OAuth2TokenEndpointFilter, OAuth2TokenIntrospectionEndpointFilter, OAuth2TokenRevocationEndpointFilter, OAuth2DeviceAuthorizationEndpointFilter, OidcUserInfoEndpointFilter
2025-05-29T17:22:35.526-03:00 DEBUG 14860 --- [libraryapi] [main] o.s.s.web.DefaultSecurityFilterChain     : Will secure any request with filters: DisableEncodeUrlFilter, WebAsyncManagerIntegrationFilter, SecurityContextHolderFilter, HeaderWriterFilter, LogoutFilter, OAuth2AuthorizationRequestRedirectFilter, OAuth2LoginAuthenticationFilter, UsernamePasswordAuthenticationFilter, BearerTokenAuthenticationFilter, JwtCustomAuthenticationFilter, RequestCacheAwareFilter, SecurityContextHolderAwareRequestFilter, AnonymousAuthenticationFilter, ExceptionTranslationFilter, AuthorizationFilter
2025-05-29T17:22:35.532-03:00  WARN 14860 --- [libraryapi] [main] o.s.s.c.a.web.builders.WebSecurity       : You are asking Spring Security to ignore Deferred [Mvc [pattern='/v2/api-docs/**'], Ant [pattern='/v2/api-docs/**']]. This is not recommended -- please use permitAll via HttpSecurity#authorizeHttpRequests instead.
2025-05-29T17:22:35.532-03:00 DEBUG 14860 --- [libraryapi] [main] o.s.s.web.DefaultSecurityFilterChain     : Will not secure Deferred [Mvc [pattern='/v2/api-docs/**'], Ant [pattern='/v2/api-docs/**']]
2025-05-29T17:22:35.533-03:00  WARN 14860 --- [libraryapi] [main] o.s.s.c.a.web.builders.WebSecurity       : You are asking Spring Security to ignore Deferred [Mvc [pattern='/v3/api-docs/**'], Ant [pattern='/v3/api-docs/**']]. This is not recommended -- please use permitAll via HttpSecurity#authorizeHttpRequests instead.
2025-05-29T17:22:35.533-03:00 DEBUG 14860 --- [libraryapi] [main] o.s.s.web.DefaultSecurityFilterChain     : Will not secure Deferred [Mvc [pattern='/v3/api-docs/**'], Ant [pattern='/v3/api-docs/**']]
2025-05-29T17:22:35.533-03:00  WARN 14860 --- [libraryapi] [main] o.s.s.c.a.web.builders.WebSecurity       : You are asking Spring Security to ignore Deferred [Mvc [pattern='/swagger-resources/**'], Ant [pattern='/swagger-resources/**']]. This is not recommended -- please use permitAll via HttpSecurity#authorizeHttpRequests instead.
2025-05-29T17:22:35.533-03:00 DEBUG 14860 --- [libraryapi] [main] o.s.s.web.DefaultSecurityFilterChain     : Will not secure Deferred [Mvc [pattern='/swagger-resources/**'], Ant [pattern='/swagger-resources/**']]
2025-05-29T17:22:35.533-03:00  WARN 14860 --- [libraryapi] [main] o.s.s.c.a.web.builders.WebSecurity       : You are asking Spring Security to ignore Deferred [Mvc [pattern='/swagger-ui.html'], Ant [pattern='/swagger-ui.html']]. This is not recommended -- please use permitAll via HttpSecurity#authorizeHttpRequests instead.
2025-05-29T17:22:35.533-03:00 DEBUG 14860 --- [libraryapi] [main] o.s.s.web.DefaultSecurityFilterChain     : Will not secure Deferred [Mvc [pattern='/swagger-ui.html'], Ant [pattern='/swagger-ui.html']]
2025-05-29T17:22:35.533-03:00  WARN 14860 --- [libraryapi] [main] o.s.s.c.a.web.builders.WebSecurity       : You are asking Spring Security to ignore Deferred [Mvc [pattern='/swagger-ui/**'], Ant [pattern='/swagger-ui/**']]. This is not recommended -- please use permitAll via HttpSecurity#authorizeHttpRequests instead.
2025-05-29T17:22:35.533-03:00 DEBUG 14860 --- [libraryapi] [main] o.s.s.web.DefaultSecurityFilterChain     : Will not secure Deferred [Mvc [pattern='/swagger-ui/**'], Ant [pattern='/swagger-ui/**']]
2025-05-29T17:22:35.533-03:00  WARN 14860 --- [libraryapi] [main] o.s.s.c.a.web.builders.WebSecurity       : You are asking Spring Security to ignore Deferred [Mvc [pattern='/webjars/**'], Ant [pattern='/webjars/**']]. This is not recommended -- please use permitAll via HttpSecurity#authorizeHttpRequests instead.
2025-05-29T17:22:35.533-03:00 DEBUG 14860 --- [libraryapi] [main] o.s.s.web.DefaultSecurityFilterChain     : Will not secure Deferred [Mvc [pattern='/webjars/**'], Ant [pattern='/webjars/**']]
2025-05-29T17:22:35.581-03:00 DEBUG 14860 --- [libraryapi] [main] s.w.s.m.m.a.RequestMappingHandlerAdapter : ControllerAdvice beans: 0 @ModelAttribute, 0 @InitBinder, 1 RequestBodyAdvice, 1 ResponseBodyAdvice
2025-05-29T17:22:35.605-03:00 DEBUG 14860 --- [libraryapi] [main] .m.m.a.ExceptionHandlerExceptionResolver : ControllerAdvice beans: 2 @ExceptionHandler, 1 ResponseBodyAdvice
